ARM GAS  /tmp/ccYsA7j8.s 			page 1


   1              		.cpu cortex-m7
   2              		.arch armv7e-m
   3              		.fpu fpv5-d16
   4              		.eabi_attribute 28, 1
   5              		.eabi_attribute 20, 1
   6              		.eabi_attribute 21, 1
   7              		.eabi_attribute 23, 3
   8              		.eabi_attribute 24, 1
   9              		.eabi_attribute 25, 1
  10              		.eabi_attribute 26, 1
  11              		.eabi_attribute 30, 1
  12              		.eabi_attribute 34, 1
  13              		.eabi_attribute 18, 4
  14              		.file	"can.c"
  15              		.text
  16              	.Ltext0:
  17              		.cfi_sections	.debug_frame
  18              		.file 1 "Core/Src/can.c"
  19              		.section	.text.MX_CAN1_Init,"ax",%progbits
  20              		.align	1
  21              		.global	MX_CAN1_Init
  22              		.syntax unified
  23              		.thumb
  24              		.thumb_func
  26              	MX_CAN1_Init:
  27              	.LFB141:
   1:Core/Src/can.c **** /* USER CODE BEGIN Header */
   2:Core/Src/can.c **** /**
   3:Core/Src/can.c ****  ******************************************************************************
   4:Core/Src/can.c ****  * @file    can.c
   5:Core/Src/can.c ****  * @brief   This file provides code for the configuration
   6:Core/Src/can.c ****  *          of the CAN instances.
   7:Core/Src/can.c ****  ******************************************************************************
   8:Core/Src/can.c ****  * @attention
   9:Core/Src/can.c ****  *
  10:Core/Src/can.c ****  * Copyright (c) 2025 STMicroelectronics.
  11:Core/Src/can.c ****  * All rights reserved.
  12:Core/Src/can.c ****  *
  13:Core/Src/can.c ****  * This software is licensed under terms that can be found in the LICENSE file
  14:Core/Src/can.c ****  * in the root directory of this software component.
  15:Core/Src/can.c ****  * If no LICENSE file comes with this software, it is provided AS-IS.
  16:Core/Src/can.c ****  *
  17:Core/Src/can.c ****  ******************************************************************************
  18:Core/Src/can.c ****  */
  19:Core/Src/can.c **** /* USER CODE END Header */
  20:Core/Src/can.c **** /* Includes ------------------------------------------------------------------*/
  21:Core/Src/can.c **** #include "can.h"
  22:Core/Src/can.c **** 
  23:Core/Src/can.c **** /* USER CODE BEGIN 0 */
  24:Core/Src/can.c **** 
  25:Core/Src/can.c **** /* USER CODE END 0 */
  26:Core/Src/can.c **** 
  27:Core/Src/can.c **** CAN_HandleTypeDef hcan1;
  28:Core/Src/can.c **** 
  29:Core/Src/can.c **** /* CAN1 init function */
  30:Core/Src/can.c **** void MX_CAN1_Init(void)
  31:Core/Src/can.c **** {
ARM GAS  /tmp/ccYsA7j8.s 			page 2


  28              		.loc 1 31 1 view -0
  29              		.cfi_startproc
  30              		@ args = 0, pretend = 0, frame = 0
  31              		@ frame_needed = 0, uses_anonymous_args = 0
  32 0000 08B5     		push	{r3, lr}
  33              	.LCFI0:
  34              		.cfi_def_cfa_offset 8
  35              		.cfi_offset 3, -8
  36              		.cfi_offset 14, -4
  32:Core/Src/can.c **** 
  33:Core/Src/can.c ****   /* USER CODE BEGIN CAN1_Init 0 */
  34:Core/Src/can.c **** 
  35:Core/Src/can.c ****   /* USER CODE END CAN1_Init 0 */
  36:Core/Src/can.c **** 
  37:Core/Src/can.c ****   /* USER CODE BEGIN CAN1_Init 1 */
  38:Core/Src/can.c **** 
  39:Core/Src/can.c ****   /* USER CODE END CAN1_Init 1 */
  40:Core/Src/can.c ****   hcan1.Instance = CAN1;
  37              		.loc 1 40 3 view .LVU1
  38              		.loc 1 40 18 is_stmt 0 view .LVU2
  39 0002 0D48     		ldr	r0, .L5
  40 0004 0D4B     		ldr	r3, .L5+4
  41 0006 0360     		str	r3, [r0]
  41:Core/Src/can.c ****   hcan1.Init.Prescaler = 16;
  42              		.loc 1 41 3 is_stmt 1 view .LVU3
  43              		.loc 1 41 24 is_stmt 0 view .LVU4
  44 0008 1023     		movs	r3, #16
  45 000a 4360     		str	r3, [r0, #4]
  42:Core/Src/can.c ****   hcan1.Init.Mode = CAN_MODE_NORMAL;
  46              		.loc 1 42 3 is_stmt 1 view .LVU5
  47              		.loc 1 42 19 is_stmt 0 view .LVU6
  48 000c 0023     		movs	r3, #0
  49 000e 8360     		str	r3, [r0, #8]
  43:Core/Src/can.c ****   hcan1.Init.SyncJumpWidth = CAN_SJW_1TQ;
  50              		.loc 1 43 3 is_stmt 1 view .LVU7
  51              		.loc 1 43 28 is_stmt 0 view .LVU8
  52 0010 C360     		str	r3, [r0, #12]
  44:Core/Src/can.c ****   hcan1.Init.TimeSeg1 = CAN_BS1_6TQ;
  53              		.loc 1 44 3 is_stmt 1 view .LVU9
  54              		.loc 1 44 23 is_stmt 0 view .LVU10
  55 0012 4FF4A022 		mov	r2, #327680
  56 0016 0261     		str	r2, [r0, #16]
  45:Core/Src/can.c ****   hcan1.Init.TimeSeg2 = CAN_BS2_5TQ;
  57              		.loc 1 45 3 is_stmt 1 view .LVU11
  58              		.loc 1 45 23 is_stmt 0 view .LVU12
  59 0018 4FF48002 		mov	r2, #4194304
  60 001c 4261     		str	r2, [r0, #20]
  46:Core/Src/can.c ****   hcan1.Init.TimeTriggeredMode = DISABLE;
  61              		.loc 1 46 3 is_stmt 1 view .LVU13
  62              		.loc 1 46 32 is_stmt 0 view .LVU14
  63 001e 0376     		strb	r3, [r0, #24]
  47:Core/Src/can.c ****   hcan1.Init.AutoBusOff = DISABLE;
  64              		.loc 1 47 3 is_stmt 1 view .LVU15
  65              		.loc 1 47 25 is_stmt 0 view .LVU16
  66 0020 4376     		strb	r3, [r0, #25]
  48:Core/Src/can.c ****   hcan1.Init.AutoWakeUp = DISABLE;
  67              		.loc 1 48 3 is_stmt 1 view .LVU17
ARM GAS  /tmp/ccYsA7j8.s 			page 3


  68              		.loc 1 48 25 is_stmt 0 view .LVU18
  69 0022 8376     		strb	r3, [r0, #26]
  49:Core/Src/can.c ****   hcan1.Init.AutoRetransmission = DISABLE;
  70              		.loc 1 49 3 is_stmt 1 view .LVU19
  71              		.loc 1 49 33 is_stmt 0 view .LVU20
  72 0024 C376     		strb	r3, [r0, #27]
  50:Core/Src/can.c ****   hcan1.Init.ReceiveFifoLocked = DISABLE;
  73              		.loc 1 50 3 is_stmt 1 view .LVU21
  74              		.loc 1 50 32 is_stmt 0 view .LVU22
  75 0026 0377     		strb	r3, [r0, #28]
  51:Core/Src/can.c ****   hcan1.Init.TransmitFifoPriority = DISABLE;
  76              		.loc 1 51 3 is_stmt 1 view .LVU23
  77              		.loc 1 51 35 is_stmt 0 view .LVU24
  78 0028 4377     		strb	r3, [r0, #29]
  52:Core/Src/can.c ****   if (HAL_CAN_Init(&hcan1) != HAL_OK)
  79              		.loc 1 52 3 is_stmt 1 view .LVU25
  80              		.loc 1 52 7 is_stmt 0 view .LVU26
  81 002a FFF7FEFF 		bl	HAL_CAN_Init
  82              	.LVL0:
  83              		.loc 1 52 6 discriminator 1 view .LVU27
  84 002e 00B9     		cbnz	r0, .L4
  85              	.L1:
  53:Core/Src/can.c ****   {
  54:Core/Src/can.c ****     Error_Handler();
  55:Core/Src/can.c ****   }
  56:Core/Src/can.c ****   /* USER CODE BEGIN CAN1_Init 2 */
  57:Core/Src/can.c **** 
  58:Core/Src/can.c ****   /* USER CODE END CAN1_Init 2 */
  59:Core/Src/can.c **** 
  60:Core/Src/can.c **** }
  86              		.loc 1 60 1 view .LVU28
  87 0030 08BD     		pop	{r3, pc}
  88              	.L4:
  54:Core/Src/can.c ****   }
  89              		.loc 1 54 5 is_stmt 1 view .LVU29
  90 0032 FFF7FEFF 		bl	Error_Handler
  91              	.LVL1:
  92              		.loc 1 60 1 is_stmt 0 view .LVU30
  93 0036 FBE7     		b	.L1
  94              	.L6:
  95              		.align	2
  96              	.L5:
  97 0038 00000000 		.word	hcan1
  98 003c 00640040 		.word	1073767424
  99              		.cfi_endproc
 100              	.LFE141:
 102              		.section	.text.HAL_CAN_MspInit,"ax",%progbits
 103              		.align	1
 104              		.global	HAL_CAN_MspInit
 105              		.syntax unified
 106              		.thumb
 107              		.thumb_func
 109              	HAL_CAN_MspInit:
 110              	.LVL2:
 111              	.LFB142:
  61:Core/Src/can.c **** 
  62:Core/Src/can.c **** void HAL_CAN_MspInit(CAN_HandleTypeDef* canHandle)
ARM GAS  /tmp/ccYsA7j8.s 			page 4


  63:Core/Src/can.c **** {
 112              		.loc 1 63 1 is_stmt 1 view -0
 113              		.cfi_startproc
 114              		@ args = 0, pretend = 0, frame = 32
 115              		@ frame_needed = 0, uses_anonymous_args = 0
 116              		.loc 1 63 1 is_stmt 0 view .LVU32
 117 0000 00B5     		push	{lr}
 118              	.LCFI1:
 119              		.cfi_def_cfa_offset 4
 120              		.cfi_offset 14, -4
 121 0002 89B0     		sub	sp, sp, #36
 122              	.LCFI2:
 123              		.cfi_def_cfa_offset 40
  64:Core/Src/can.c **** 
  65:Core/Src/can.c ****   GPIO_InitTypeDef GPIO_InitStruct = {0};
 124              		.loc 1 65 3 is_stmt 1 view .LVU33
 125              		.loc 1 65 20 is_stmt 0 view .LVU34
 126 0004 0023     		movs	r3, #0
 127 0006 0393     		str	r3, [sp, #12]
 128 0008 0493     		str	r3, [sp, #16]
 129 000a 0593     		str	r3, [sp, #20]
 130 000c 0693     		str	r3, [sp, #24]
 131 000e 0793     		str	r3, [sp, #28]
  66:Core/Src/can.c ****   if(canHandle->Instance==CAN1)
 132              		.loc 1 66 3 is_stmt 1 view .LVU35
 133              		.loc 1 66 15 is_stmt 0 view .LVU36
 134 0010 0268     		ldr	r2, [r0]
 135              		.loc 1 66 5 view .LVU37
 136 0012 174B     		ldr	r3, .L11
 137 0014 9A42     		cmp	r2, r3
 138 0016 02D0     		beq	.L10
 139              	.LVL3:
 140              	.L7:
  67:Core/Src/can.c ****   {
  68:Core/Src/can.c ****   /* USER CODE BEGIN CAN1_MspInit 0 */
  69:Core/Src/can.c **** 
  70:Core/Src/can.c ****   /* USER CODE END CAN1_MspInit 0 */
  71:Core/Src/can.c ****     /* CAN1 clock enable */
  72:Core/Src/can.c ****     __HAL_RCC_CAN1_CLK_ENABLE();
  73:Core/Src/can.c **** 
  74:Core/Src/can.c ****     __HAL_RCC_GPIOD_CLK_ENABLE();
  75:Core/Src/can.c ****     /**CAN1 GPIO Configuration
  76:Core/Src/can.c ****     PD0     ------> CAN1_RX
  77:Core/Src/can.c ****     PD1     ------> CAN1_TX
  78:Core/Src/can.c ****     */
  79:Core/Src/can.c ****     GPIO_InitStruct.Pin = GPIO_PIN_0|GPIO_PIN_1;
  80:Core/Src/can.c ****     GPIO_InitStruct.Mode = GPIO_MODE_AF_PP;
  81:Core/Src/can.c ****     GPIO_InitStruct.Pull = GPIO_NOPULL;
  82:Core/Src/can.c ****     GPIO_InitStruct.Speed = GPIO_SPEED_FREQ_VERY_HIGH;
  83:Core/Src/can.c ****     GPIO_InitStruct.Alternate = GPIO_AF9_CAN1;
  84:Core/Src/can.c ****     HAL_GPIO_Init(GPIOD, &GPIO_InitStruct);
  85:Core/Src/can.c **** 
  86:Core/Src/can.c ****     /* CAN1 interrupt Init */
  87:Core/Src/can.c ****     HAL_NVIC_SetPriority(CAN1_RX0_IRQn, 0, 0);
  88:Core/Src/can.c ****     HAL_NVIC_EnableIRQ(CAN1_RX0_IRQn);
  89:Core/Src/can.c ****   /* USER CODE BEGIN CAN1_MspInit 1 */
  90:Core/Src/can.c **** 
ARM GAS  /tmp/ccYsA7j8.s 			page 5


  91:Core/Src/can.c ****   /* USER CODE END CAN1_MspInit 1 */
  92:Core/Src/can.c ****   }
  93:Core/Src/can.c **** }
 141              		.loc 1 93 1 view .LVU38
 142 0018 09B0     		add	sp, sp, #36
 143              	.LCFI3:
 144              		.cfi_remember_state
 145              		.cfi_def_cfa_offset 4
 146              		@ sp needed
 147 001a 5DF804FB 		ldr	pc, [sp], #4
 148              	.LVL4:
 149              	.L10:
 150              	.LCFI4:
 151              		.cfi_restore_state
  72:Core/Src/can.c **** 
 152              		.loc 1 72 5 is_stmt 1 view .LVU39
 153              	.LBB2:
  72:Core/Src/can.c **** 
 154              		.loc 1 72 5 view .LVU40
  72:Core/Src/can.c **** 
 155              		.loc 1 72 5 view .LVU41
 156 001e 03F5EA33 		add	r3, r3, #119808
 157 0022 1A6C     		ldr	r2, [r3, #64]
 158 0024 42F00072 		orr	r2, r2, #33554432
 159 0028 1A64     		str	r2, [r3, #64]
  72:Core/Src/can.c **** 
 160              		.loc 1 72 5 view .LVU42
 161 002a 1A6C     		ldr	r2, [r3, #64]
 162 002c 02F00072 		and	r2, r2, #33554432
 163 0030 0192     		str	r2, [sp, #4]
  72:Core/Src/can.c **** 
 164              		.loc 1 72 5 view .LVU43
 165 0032 019A     		ldr	r2, [sp, #4]
 166              	.LBE2:
  72:Core/Src/can.c **** 
 167              		.loc 1 72 5 view .LVU44
  74:Core/Src/can.c ****     /**CAN1 GPIO Configuration
 168              		.loc 1 74 5 view .LVU45
 169              	.LBB3:
  74:Core/Src/can.c ****     /**CAN1 GPIO Configuration
 170              		.loc 1 74 5 view .LVU46
  74:Core/Src/can.c ****     /**CAN1 GPIO Configuration
 171              		.loc 1 74 5 view .LVU47
 172 0034 1A6B     		ldr	r2, [r3, #48]
 173 0036 42F00802 		orr	r2, r2, #8
 174 003a 1A63     		str	r2, [r3, #48]
  74:Core/Src/can.c ****     /**CAN1 GPIO Configuration
 175              		.loc 1 74 5 view .LVU48
 176 003c 1B6B     		ldr	r3, [r3, #48]
 177 003e 03F00803 		and	r3, r3, #8
 178 0042 0293     		str	r3, [sp, #8]
  74:Core/Src/can.c ****     /**CAN1 GPIO Configuration
 179              		.loc 1 74 5 view .LVU49
 180 0044 029B     		ldr	r3, [sp, #8]
 181              	.LBE3:
  74:Core/Src/can.c ****     /**CAN1 GPIO Configuration
 182              		.loc 1 74 5 view .LVU50
ARM GAS  /tmp/ccYsA7j8.s 			page 6


  79:Core/Src/can.c ****     GPIO_InitStruct.Mode = GPIO_MODE_AF_PP;
 183              		.loc 1 79 5 view .LVU51
  79:Core/Src/can.c ****     GPIO_InitStruct.Mode = GPIO_MODE_AF_PP;
 184              		.loc 1 79 25 is_stmt 0 view .LVU52
 185 0046 0323     		movs	r3, #3
 186 0048 0393     		str	r3, [sp, #12]
  80:Core/Src/can.c ****     GPIO_InitStruct.Pull = GPIO_NOPULL;
 187              		.loc 1 80 5 is_stmt 1 view .LVU53
  80:Core/Src/can.c ****     GPIO_InitStruct.Pull = GPIO_NOPULL;
 188              		.loc 1 80 26 is_stmt 0 view .LVU54
 189 004a 0222     		movs	r2, #2
 190 004c 0492     		str	r2, [sp, #16]
  81:Core/Src/can.c ****     GPIO_InitStruct.Speed = GPIO_SPEED_FREQ_VERY_HIGH;
 191              		.loc 1 81 5 is_stmt 1 view .LVU55
  82:Core/Src/can.c ****     GPIO_InitStruct.Alternate = GPIO_AF9_CAN1;
 192              		.loc 1 82 5 view .LVU56
  82:Core/Src/can.c ****     GPIO_InitStruct.Alternate = GPIO_AF9_CAN1;
 193              		.loc 1 82 27 is_stmt 0 view .LVU57
 194 004e 0693     		str	r3, [sp, #24]
  83:Core/Src/can.c ****     HAL_GPIO_Init(GPIOD, &GPIO_InitStruct);
 195              		.loc 1 83 5 is_stmt 1 view .LVU58
  83:Core/Src/can.c ****     HAL_GPIO_Init(GPIOD, &GPIO_InitStruct);
 196              		.loc 1 83 31 is_stmt 0 view .LVU59
 197 0050 0923     		movs	r3, #9
 198 0052 0793     		str	r3, [sp, #28]
  84:Core/Src/can.c **** 
 199              		.loc 1 84 5 is_stmt 1 view .LVU60
 200 0054 03A9     		add	r1, sp, #12
 201 0056 0748     		ldr	r0, .L11+4
 202              	.LVL5:
  84:Core/Src/can.c **** 
 203              		.loc 1 84 5 is_stmt 0 view .LVU61
 204 0058 FFF7FEFF 		bl	HAL_GPIO_Init
 205              	.LVL6:
  87:Core/Src/can.c ****     HAL_NVIC_EnableIRQ(CAN1_RX0_IRQn);
 206              		.loc 1 87 5 is_stmt 1 view .LVU62
 207 005c 0022     		movs	r2, #0
 208 005e 1146     		mov	r1, r2
 209 0060 1420     		movs	r0, #20
 210 0062 FFF7FEFF 		bl	HAL_NVIC_SetPriority
 211              	.LVL7:
  88:Core/Src/can.c ****   /* USER CODE BEGIN CAN1_MspInit 1 */
 212              		.loc 1 88 5 view .LVU63
 213 0066 1420     		movs	r0, #20
 214 0068 FFF7FEFF 		bl	HAL_NVIC_EnableIRQ
 215              	.LVL8:
 216              		.loc 1 93 1 is_stmt 0 view .LVU64
 217 006c D4E7     		b	.L7
 218              	.L12:
 219 006e 00BF     		.align	2
 220              	.L11:
 221 0070 00640040 		.word	1073767424
 222 0074 000C0240 		.word	1073875968
 223              		.cfi_endproc
 224              	.LFE142:
 226              		.section	.text.HAL_CAN_MspDeInit,"ax",%progbits
 227              		.align	1
ARM GAS  /tmp/ccYsA7j8.s 			page 7


 228              		.global	HAL_CAN_MspDeInit
 229              		.syntax unified
 230              		.thumb
 231              		.thumb_func
 233              	HAL_CAN_MspDeInit:
 234              	.LVL9:
 235              	.LFB143:
  94:Core/Src/can.c **** 
  95:Core/Src/can.c **** void HAL_CAN_MspDeInit(CAN_HandleTypeDef* canHandle)
  96:Core/Src/can.c **** {
 236              		.loc 1 96 1 is_stmt 1 view -0
 237              		.cfi_startproc
 238              		@ args = 0, pretend = 0, frame = 0
 239              		@ frame_needed = 0, uses_anonymous_args = 0
 240              		.loc 1 96 1 is_stmt 0 view .LVU66
 241 0000 08B5     		push	{r3, lr}
 242              	.LCFI5:
 243              		.cfi_def_cfa_offset 8
 244              		.cfi_offset 3, -8
 245              		.cfi_offset 14, -4
  97:Core/Src/can.c **** 
  98:Core/Src/can.c ****   if(canHandle->Instance==CAN1)
 246              		.loc 1 98 3 is_stmt 1 view .LVU67
 247              		.loc 1 98 15 is_stmt 0 view .LVU68
 248 0002 0268     		ldr	r2, [r0]
 249              		.loc 1 98 5 view .LVU69
 250 0004 084B     		ldr	r3, .L17
 251 0006 9A42     		cmp	r2, r3
 252 0008 00D0     		beq	.L16
 253              	.LVL10:
 254              	.L13:
  99:Core/Src/can.c ****   {
 100:Core/Src/can.c ****   /* USER CODE BEGIN CAN1_MspDeInit 0 */
 101:Core/Src/can.c **** 
 102:Core/Src/can.c ****   /* USER CODE END CAN1_MspDeInit 0 */
 103:Core/Src/can.c ****     /* Peripheral clock disable */
 104:Core/Src/can.c ****     __HAL_RCC_CAN1_CLK_DISABLE();
 105:Core/Src/can.c **** 
 106:Core/Src/can.c ****     /**CAN1 GPIO Configuration
 107:Core/Src/can.c ****     PD0     ------> CAN1_RX
 108:Core/Src/can.c ****     PD1     ------> CAN1_TX
 109:Core/Src/can.c ****     */
 110:Core/Src/can.c ****     HAL_GPIO_DeInit(GPIOD, GPIO_PIN_0|GPIO_PIN_1);
 111:Core/Src/can.c **** 
 112:Core/Src/can.c ****     /* CAN1 interrupt Deinit */
 113:Core/Src/can.c ****     HAL_NVIC_DisableIRQ(CAN1_RX0_IRQn);
 114:Core/Src/can.c ****   /* USER CODE BEGIN CAN1_MspDeInit 1 */
 115:Core/Src/can.c **** 
 116:Core/Src/can.c ****   /* USER CODE END CAN1_MspDeInit 1 */
 117:Core/Src/can.c ****   }
 118:Core/Src/can.c **** }
 255              		.loc 1 118 1 view .LVU70
 256 000a 08BD     		pop	{r3, pc}
 257              	.LVL11:
 258              	.L16:
 104:Core/Src/can.c **** 
 259              		.loc 1 104 5 is_stmt 1 view .LVU71
ARM GAS  /tmp/ccYsA7j8.s 			page 8


 260 000c 074A     		ldr	r2, .L17+4
 261 000e 136C     		ldr	r3, [r2, #64]
 262 0010 23F00073 		bic	r3, r3, #33554432
 263 0014 1364     		str	r3, [r2, #64]
 110:Core/Src/can.c **** 
 264              		.loc 1 110 5 view .LVU72
 265 0016 0321     		movs	r1, #3
 266 0018 0548     		ldr	r0, .L17+8
 267              	.LVL12:
 110:Core/Src/can.c **** 
 268              		.loc 1 110 5 is_stmt 0 view .LVU73
 269 001a FFF7FEFF 		bl	HAL_GPIO_DeInit
 270              	.LVL13:
 113:Core/Src/can.c ****   /* USER CODE BEGIN CAN1_MspDeInit 1 */
 271              		.loc 1 113 5 is_stmt 1 view .LVU74
 272 001e 1420     		movs	r0, #20
 273 0020 FFF7FEFF 		bl	HAL_NVIC_DisableIRQ
 274              	.LVL14:
 275              		.loc 1 118 1 is_stmt 0 view .LVU75
 276 0024 F1E7     		b	.L13
 277              	.L18:
 278 0026 00BF     		.align	2
 279              	.L17:
 280 0028 00640040 		.word	1073767424
 281 002c 00380240 		.word	1073887232
 282 0030 000C0240 		.word	1073875968
 283              		.cfi_endproc
 284              	.LFE143:
 286              		.section	.text.CAN_Init_Interrupts,"ax",%progbits
 287              		.align	1
 288              		.global	CAN_Init_Interrupts
 289              		.syntax unified
 290              		.thumb
 291              		.thumb_func
 293              	CAN_Init_Interrupts:
 294              	.LFB144:
 119:Core/Src/can.c **** 
 120:Core/Src/can.c **** /* USER CODE BEGIN 1 */
 121:Core/Src/can.c **** void CAN_Init_Interrupts() {
 295              		.loc 1 121 28 is_stmt 1 view -0
 296              		.cfi_startproc
 297              		@ args = 0, pretend = 0, frame = 40
 298              		@ frame_needed = 0, uses_anonymous_args = 0
 299 0000 10B5     		push	{r4, lr}
 300              	.LCFI6:
 301              		.cfi_def_cfa_offset 8
 302              		.cfi_offset 4, -8
 303              		.cfi_offset 14, -4
 304 0002 8AB0     		sub	sp, sp, #40
 305              	.LCFI7:
 306              		.cfi_def_cfa_offset 48
 122:Core/Src/can.c ****   CAN_FilterTypeDef canFil;
 307              		.loc 1 122 3 view .LVU77
 123:Core/Src/can.c **** 
 124:Core/Src/can.c ****   canFil.FilterBank = 0;
 308              		.loc 1 124 3 view .LVU78
 309              		.loc 1 124 21 is_stmt 0 view .LVU79
ARM GAS  /tmp/ccYsA7j8.s 			page 9


 310 0004 0023     		movs	r3, #0
 311 0006 0593     		str	r3, [sp, #20]
 125:Core/Src/can.c ****   canFil.FilterMode = CAN_FILTERMODE_IDMASK;
 312              		.loc 1 125 3 is_stmt 1 view .LVU80
 313              		.loc 1 125 21 is_stmt 0 view .LVU81
 314 0008 0693     		str	r3, [sp, #24]
 126:Core/Src/can.c ****   canFil.FilterFIFOAssignment = CAN_RX_FIFO0;
 315              		.loc 1 126 3 is_stmt 1 view .LVU82
 316              		.loc 1 126 31 is_stmt 0 view .LVU83
 317 000a 0493     		str	r3, [sp, #16]
 127:Core/Src/can.c ****   canFil.FilterIdHigh = 0;
 318              		.loc 1 127 3 is_stmt 1 view .LVU84
 319              		.loc 1 127 23 is_stmt 0 view .LVU85
 320 000c 0093     		str	r3, [sp]
 128:Core/Src/can.c ****   canFil.FilterIdLow = 0;
 321              		.loc 1 128 3 is_stmt 1 view .LVU86
 322              		.loc 1 128 22 is_stmt 0 view .LVU87
 323 000e 0193     		str	r3, [sp, #4]
 129:Core/Src/can.c ****   canFil.FilterMaskIdHigh = 0;
 324              		.loc 1 129 3 is_stmt 1 view .LVU88
 325              		.loc 1 129 27 is_stmt 0 view .LVU89
 326 0010 0293     		str	r3, [sp, #8]
 130:Core/Src/can.c ****   canFil.FilterMaskIdLow = 0;
 327              		.loc 1 130 3 is_stmt 1 view .LVU90
 328              		.loc 1 130 26 is_stmt 0 view .LVU91
 329 0012 0393     		str	r3, [sp, #12]
 131:Core/Src/can.c ****   canFil.FilterScale = CAN_FILTERSCALE_32BIT;
 330              		.loc 1 131 3 is_stmt 1 view .LVU92
 331              		.loc 1 131 22 is_stmt 0 view .LVU93
 332 0014 0123     		movs	r3, #1
 333 0016 0793     		str	r3, [sp, #28]
 132:Core/Src/can.c ****   canFil.FilterActivation = ENABLE;
 334              		.loc 1 132 3 is_stmt 1 view .LVU94
 335              		.loc 1 132 27 is_stmt 0 view .LVU95
 336 0018 0893     		str	r3, [sp, #32]
 133:Core/Src/can.c ****   canFil.SlaveStartFilterBank = 14;
 337              		.loc 1 133 3 is_stmt 1 view .LVU96
 338              		.loc 1 133 31 is_stmt 0 view .LVU97
 339 001a 0E23     		movs	r3, #14
 340 001c 0993     		str	r3, [sp, #36]
 134:Core/Src/can.c **** 
 135:Core/Src/can.c ****   HAL_CAN_ConfigFilter(&hcan1, &canFil); // Initialize CAN Filter
 341              		.loc 1 135 3 is_stmt 1 view .LVU98
 342 001e 094C     		ldr	r4, .L23
 343 0020 6946     		mov	r1, sp
 344 0022 2046     		mov	r0, r4
 345 0024 FFF7FEFF 		bl	HAL_CAN_ConfigFilter
 346              	.LVL15:
 136:Core/Src/can.c ****   HAL_CAN_Start(&hcan1);                 // Initialize CAN Bus
 347              		.loc 1 136 3 view .LVU99
 348 0028 2046     		mov	r0, r4
 349 002a FFF7FEFF 		bl	HAL_CAN_Start
 350              	.LVL16:
 137:Core/Src/can.c ****   if (HAL_CAN_ActivateNotification(&hcan1, CAN_IT_RX_FIFO0_MSG_PENDING)) {
 351              		.loc 1 137 3 view .LVU100
 352              		.loc 1 137 7 is_stmt 0 view .LVU101
 353 002e 0221     		movs	r1, #2
ARM GAS  /tmp/ccYsA7j8.s 			page 10


 354 0030 2046     		mov	r0, r4
 355 0032 FFF7FEFF 		bl	HAL_CAN_ActivateNotification
 356              	.LVL17:
 357              		.loc 1 137 6 discriminator 1 view .LVU102
 358 0036 08B9     		cbnz	r0, .L22
 359              	.L19:
 138:Core/Src/can.c ****     Error_Handler();
 139:Core/Src/can.c ****   }
 140:Core/Src/can.c **** }
 360              		.loc 1 140 1 view .LVU103
 361 0038 0AB0     		add	sp, sp, #40
 362              	.LCFI8:
 363              		.cfi_remember_state
 364              		.cfi_def_cfa_offset 8
 365              		@ sp needed
 366 003a 10BD     		pop	{r4, pc}
 367              	.L22:
 368              	.LCFI9:
 369              		.cfi_restore_state
 138:Core/Src/can.c ****     Error_Handler();
 370              		.loc 1 138 5 is_stmt 1 view .LVU104
 371 003c FFF7FEFF 		bl	Error_Handler
 372              	.LVL18:
 373              		.loc 1 140 1 is_stmt 0 view .LVU105
 374 0040 FAE7     		b	.L19
 375              	.L24:
 376 0042 00BF     		.align	2
 377              	.L23:
 378 0044 00000000 		.word	hcan1
 379              		.cfi_endproc
 380              	.LFE144:
 382              		.global	hcan1
 383              		.section	.bss.hcan1,"aw",%nobits
 384              		.align	2
 387              	hcan1:
 388 0000 00000000 		.space	40
 388      00000000 
 388      00000000 
 388      00000000 
 388      00000000 
 389              		.text
 390              	.Letext0:
 391              		.file 2 "Drivers/CMSIS/Device/ST/STM32F7xx/Include/stm32f767xx.h"
 392              		.file 3 "/usr/lib/gcc/arm-none-eabi/13.2.1/include/stdint.h"
 393              		.file 4 "Drivers/CMSIS/Device/ST/STM32F7xx/Include/stm32f7xx.h"
 394              		.file 5 "Drivers/STM32F7xx_HAL_Driver/Inc/stm32f7xx_hal_def.h"
 395              		.file 6 "Drivers/STM32F7xx_HAL_Driver/Inc/stm32f7xx_hal_gpio.h"
 396              		.file 7 "Drivers/STM32F7xx_HAL_Driver/Inc/stm32f7xx_hal_can.h"
 397              		.file 8 "Drivers/STM32F7xx_HAL_Driver/Inc/stm32f7xx_hal_cortex.h"
 398              		.file 9 "Core/Inc/can.h"
 399              		.file 10 "Core/Inc/main.h"
ARM GAS  /tmp/ccYsA7j8.s 			page 11


DEFINED SYMBOLS
                            *ABS*:00000000 can.c
     /tmp/ccYsA7j8.s:20     .text.MX_CAN1_Init:00000000 $t
     /tmp/ccYsA7j8.s:26     .text.MX_CAN1_Init:00000000 MX_CAN1_Init
     /tmp/ccYsA7j8.s:97     .text.MX_CAN1_Init:00000038 $d
     /tmp/ccYsA7j8.s:387    .bss.hcan1:00000000 hcan1
     /tmp/ccYsA7j8.s:103    .text.HAL_CAN_MspInit:00000000 $t
     /tmp/ccYsA7j8.s:109    .text.HAL_CAN_MspInit:00000000 HAL_CAN_MspInit
     /tmp/ccYsA7j8.s:221    .text.HAL_CAN_MspInit:00000070 $d
     /tmp/ccYsA7j8.s:227    .text.HAL_CAN_MspDeInit:00000000 $t
     /tmp/ccYsA7j8.s:233    .text.HAL_CAN_MspDeInit:00000000 HAL_CAN_MspDeInit
     /tmp/ccYsA7j8.s:280    .text.HAL_CAN_MspDeInit:00000028 $d
     /tmp/ccYsA7j8.s:287    .text.CAN_Init_Interrupts:00000000 $t
     /tmp/ccYsA7j8.s:293    .text.CAN_Init_Interrupts:00000000 CAN_Init_Interrupts
     /tmp/ccYsA7j8.s:378    .text.CAN_Init_Interrupts:00000044 $d
     /tmp/ccYsA7j8.s:384    .bss.hcan1:00000000 $d

UNDEFINED SYMBOLS
HAL_CAN_Init
Error_Handler
HAL_GPIO_Init
HAL_NVIC_SetPriority
HAL_NVIC_EnableIRQ
HAL_GPIO_DeInit
HAL_NVIC_DisableIRQ
HAL_CAN_ConfigFilter
HAL_CAN_Start
HAL_CAN_ActivateNotification
