ARM GAS  /tmp/ccHyLb0C.s 			page 1


   1              		.cpu cortex-m7
   2              		.arch armv7e-m
   3              		.fpu fpv5-d16
   4              		.eabi_attribute 28, 1
   5              		.eabi_attribute 20, 1
   6              		.eabi_attribute 21, 1
   7              		.eabi_attribute 23, 3
   8              		.eabi_attribute 24, 1
   9              		.eabi_attribute 25, 1
  10              		.eabi_attribute 26, 1
  11              		.eabi_attribute 30, 1
  12              		.eabi_attribute 34, 1
  13              		.eabi_attribute 18, 4
  14              		.file	"gpio.c"
  15              		.text
  16              	.Ltext0:
  17              		.cfi_sections	.debug_frame
  18              		.file 1 "Core/Src/gpio.c"
  19              		.section	.text.MX_GPIO_Init,"ax",%progbits
  20              		.align	1
  21              		.global	MX_GPIO_Init
  22              		.syntax unified
  23              		.thumb
  24              		.thumb_func
  26              	MX_GPIO_Init:
  27              	.LFB141:
   1:Core/Src/gpio.c **** /* USER CODE BEGIN Header */
   2:Core/Src/gpio.c **** /**
   3:Core/Src/gpio.c ****   ******************************************************************************
   4:Core/Src/gpio.c ****   * @file    gpio.c
   5:Core/Src/gpio.c ****   * @brief   This file provides code for the configuration
   6:Core/Src/gpio.c ****   *          of all used GPIO pins.
   7:Core/Src/gpio.c ****   ******************************************************************************
   8:Core/Src/gpio.c ****   * @attention
   9:Core/Src/gpio.c ****   *
  10:Core/Src/gpio.c ****   * Copyright (c) 2025 STMicroelectronics.
  11:Core/Src/gpio.c ****   * All rights reserved.
  12:Core/Src/gpio.c ****   *
  13:Core/Src/gpio.c ****   * This software is licensed under terms that can be found in the LICENSE file
  14:Core/Src/gpio.c ****   * in the root directory of this software component.
  15:Core/Src/gpio.c ****   * If no LICENSE file comes with this software, it is provided AS-IS.
  16:Core/Src/gpio.c ****   *
  17:Core/Src/gpio.c ****   ******************************************************************************
  18:Core/Src/gpio.c ****   */
  19:Core/Src/gpio.c **** /* USER CODE END Header */
  20:Core/Src/gpio.c **** 
  21:Core/Src/gpio.c **** /* Includes ------------------------------------------------------------------*/
  22:Core/Src/gpio.c **** #include "gpio.h"
  23:Core/Src/gpio.c **** 
  24:Core/Src/gpio.c **** /* USER CODE BEGIN 0 */
  25:Core/Src/gpio.c **** 
  26:Core/Src/gpio.c **** /* USER CODE END 0 */
  27:Core/Src/gpio.c **** 
  28:Core/Src/gpio.c **** /*----------------------------------------------------------------------------*/
  29:Core/Src/gpio.c **** /* Configure GPIO                                                             */
  30:Core/Src/gpio.c **** /*----------------------------------------------------------------------------*/
  31:Core/Src/gpio.c **** /* USER CODE BEGIN 1 */
ARM GAS  /tmp/ccHyLb0C.s 			page 2


  32:Core/Src/gpio.c **** 
  33:Core/Src/gpio.c **** /* USER CODE END 1 */
  34:Core/Src/gpio.c **** 
  35:Core/Src/gpio.c **** /** Configure pins as
  36:Core/Src/gpio.c ****         * Analog
  37:Core/Src/gpio.c ****         * Input
  38:Core/Src/gpio.c ****         * Output
  39:Core/Src/gpio.c ****         * EVENT_OUT
  40:Core/Src/gpio.c ****         * EXTI
  41:Core/Src/gpio.c **** */
  42:Core/Src/gpio.c **** void MX_GPIO_Init(void)
  43:Core/Src/gpio.c **** {
  28              		.loc 1 43 1 view -0
  29              		.cfi_startproc
  30              		@ args = 0, pretend = 0, frame = 56
  31              		@ frame_needed = 0, uses_anonymous_args = 0
  32 0000 2DE9F043 		push	{r4, r5, r6, r7, r8, r9, lr}
  33              	.LCFI0:
  34              		.cfi_def_cfa_offset 28
  35              		.cfi_offset 4, -28
  36              		.cfi_offset 5, -24
  37              		.cfi_offset 6, -20
  38              		.cfi_offset 7, -16
  39              		.cfi_offset 8, -12
  40              		.cfi_offset 9, -8
  41              		.cfi_offset 14, -4
  42 0004 8FB0     		sub	sp, sp, #60
  43              	.LCFI1:
  44              		.cfi_def_cfa_offset 88
  44:Core/Src/gpio.c **** 
  45:Core/Src/gpio.c ****   GPIO_InitTypeDef GPIO_InitStruct = {0};
  45              		.loc 1 45 3 view .LVU1
  46              		.loc 1 45 20 is_stmt 0 view .LVU2
  47 0006 0024     		movs	r4, #0
  48 0008 0994     		str	r4, [sp, #36]
  49 000a 0A94     		str	r4, [sp, #40]
  50 000c 0B94     		str	r4, [sp, #44]
  51 000e 0C94     		str	r4, [sp, #48]
  52 0010 0D94     		str	r4, [sp, #52]
  46:Core/Src/gpio.c **** 
  47:Core/Src/gpio.c ****   /* GPIO Ports Clock Enable */
  48:Core/Src/gpio.c ****   __HAL_RCC_GPIOC_CLK_ENABLE();
  53              		.loc 1 48 3 is_stmt 1 view .LVU3
  54              	.LBB2:
  55              		.loc 1 48 3 view .LVU4
  56              		.loc 1 48 3 view .LVU5
  57 0012 494B     		ldr	r3, .L3
  58 0014 1A6B     		ldr	r2, [r3, #48]
  59 0016 42F00402 		orr	r2, r2, #4
  60 001a 1A63     		str	r2, [r3, #48]
  61              		.loc 1 48 3 view .LVU6
  62 001c 1A6B     		ldr	r2, [r3, #48]
  63 001e 02F00402 		and	r2, r2, #4
  64 0022 0192     		str	r2, [sp, #4]
  65              		.loc 1 48 3 view .LVU7
  66 0024 019A     		ldr	r2, [sp, #4]
  67              	.LBE2:
ARM GAS  /tmp/ccHyLb0C.s 			page 3


  68              		.loc 1 48 3 view .LVU8
  49:Core/Src/gpio.c ****   __HAL_RCC_GPIOH_CLK_ENABLE();
  69              		.loc 1 49 3 view .LVU9
  70              	.LBB3:
  71              		.loc 1 49 3 view .LVU10
  72              		.loc 1 49 3 view .LVU11
  73 0026 1A6B     		ldr	r2, [r3, #48]
  74 0028 42F08002 		orr	r2, r2, #128
  75 002c 1A63     		str	r2, [r3, #48]
  76              		.loc 1 49 3 view .LVU12
  77 002e 1A6B     		ldr	r2, [r3, #48]
  78 0030 02F08002 		and	r2, r2, #128
  79 0034 0292     		str	r2, [sp, #8]
  80              		.loc 1 49 3 view .LVU13
  81 0036 029A     		ldr	r2, [sp, #8]
  82              	.LBE3:
  83              		.loc 1 49 3 view .LVU14
  50:Core/Src/gpio.c ****   __HAL_RCC_GPIOA_CLK_ENABLE();
  84              		.loc 1 50 3 view .LVU15
  85              	.LBB4:
  86              		.loc 1 50 3 view .LVU16
  87              		.loc 1 50 3 view .LVU17
  88 0038 1A6B     		ldr	r2, [r3, #48]
  89 003a 42F00102 		orr	r2, r2, #1
  90 003e 1A63     		str	r2, [r3, #48]
  91              		.loc 1 50 3 view .LVU18
  92 0040 1A6B     		ldr	r2, [r3, #48]
  93 0042 02F00102 		and	r2, r2, #1
  94 0046 0392     		str	r2, [sp, #12]
  95              		.loc 1 50 3 view .LVU19
  96 0048 039A     		ldr	r2, [sp, #12]
  97              	.LBE4:
  98              		.loc 1 50 3 view .LVU20
  51:Core/Src/gpio.c ****   __HAL_RCC_GPIOB_CLK_ENABLE();
  99              		.loc 1 51 3 view .LVU21
 100              	.LBB5:
 101              		.loc 1 51 3 view .LVU22
 102              		.loc 1 51 3 view .LVU23
 103 004a 1A6B     		ldr	r2, [r3, #48]
 104 004c 42F00202 		orr	r2, r2, #2
 105 0050 1A63     		str	r2, [r3, #48]
 106              		.loc 1 51 3 view .LVU24
 107 0052 1A6B     		ldr	r2, [r3, #48]
 108 0054 02F00202 		and	r2, r2, #2
 109 0058 0492     		str	r2, [sp, #16]
 110              		.loc 1 51 3 view .LVU25
 111 005a 049A     		ldr	r2, [sp, #16]
 112              	.LBE5:
 113              		.loc 1 51 3 view .LVU26
  52:Core/Src/gpio.c ****   __HAL_RCC_GPIOF_CLK_ENABLE();
 114              		.loc 1 52 3 view .LVU27
 115              	.LBB6:
 116              		.loc 1 52 3 view .LVU28
 117              		.loc 1 52 3 view .LVU29
 118 005c 1A6B     		ldr	r2, [r3, #48]
 119 005e 42F02002 		orr	r2, r2, #32
 120 0062 1A63     		str	r2, [r3, #48]
ARM GAS  /tmp/ccHyLb0C.s 			page 4


 121              		.loc 1 52 3 view .LVU30
 122 0064 1A6B     		ldr	r2, [r3, #48]
 123 0066 02F02002 		and	r2, r2, #32
 124 006a 0592     		str	r2, [sp, #20]
 125              		.loc 1 52 3 view .LVU31
 126 006c 059A     		ldr	r2, [sp, #20]
 127              	.LBE6:
 128              		.loc 1 52 3 view .LVU32
  53:Core/Src/gpio.c ****   __HAL_RCC_GPIOE_CLK_ENABLE();
 129              		.loc 1 53 3 view .LVU33
 130              	.LBB7:
 131              		.loc 1 53 3 view .LVU34
 132              		.loc 1 53 3 view .LVU35
 133 006e 1A6B     		ldr	r2, [r3, #48]
 134 0070 42F01002 		orr	r2, r2, #16
 135 0074 1A63     		str	r2, [r3, #48]
 136              		.loc 1 53 3 view .LVU36
 137 0076 1A6B     		ldr	r2, [r3, #48]
 138 0078 02F01002 		and	r2, r2, #16
 139 007c 0692     		str	r2, [sp, #24]
 140              		.loc 1 53 3 view .LVU37
 141 007e 069A     		ldr	r2, [sp, #24]
 142              	.LBE7:
 143              		.loc 1 53 3 view .LVU38
  54:Core/Src/gpio.c ****   __HAL_RCC_GPIOD_CLK_ENABLE();
 144              		.loc 1 54 3 view .LVU39
 145              	.LBB8:
 146              		.loc 1 54 3 view .LVU40
 147              		.loc 1 54 3 view .LVU41
 148 0080 1A6B     		ldr	r2, [r3, #48]
 149 0082 42F00802 		orr	r2, r2, #8
 150 0086 1A63     		str	r2, [r3, #48]
 151              		.loc 1 54 3 view .LVU42
 152 0088 1A6B     		ldr	r2, [r3, #48]
 153 008a 02F00802 		and	r2, r2, #8
 154 008e 0792     		str	r2, [sp, #28]
 155              		.loc 1 54 3 view .LVU43
 156 0090 079A     		ldr	r2, [sp, #28]
 157              	.LBE8:
 158              		.loc 1 54 3 view .LVU44
  55:Core/Src/gpio.c ****   __HAL_RCC_GPIOG_CLK_ENABLE();
 159              		.loc 1 55 3 view .LVU45
 160              	.LBB9:
 161              		.loc 1 55 3 view .LVU46
 162              		.loc 1 55 3 view .LVU47
 163 0092 1A6B     		ldr	r2, [r3, #48]
 164 0094 42F04002 		orr	r2, r2, #64
 165 0098 1A63     		str	r2, [r3, #48]
 166              		.loc 1 55 3 view .LVU48
 167 009a 1B6B     		ldr	r3, [r3, #48]
 168 009c 03F04003 		and	r3, r3, #64
 169 00a0 0893     		str	r3, [sp, #32]
 170              		.loc 1 55 3 view .LVU49
 171 00a2 089B     		ldr	r3, [sp, #32]
 172              	.LBE9:
 173              		.loc 1 55 3 view .LVU50
  56:Core/Src/gpio.c **** 
ARM GAS  /tmp/ccHyLb0C.s 			page 5


  57:Core/Src/gpio.c ****   /*Configure GPIO pin Output Level */
  58:Core/Src/gpio.c ****   HAL_GPIO_WritePin(GPIOB, LD1_Pin|LD3_Pin|LD2_Pin, GPIO_PIN_RESET);
 174              		.loc 1 58 3 view .LVU51
 175 00a4 DFF8A090 		ldr	r9, .L3+16
 176 00a8 2246     		mov	r2, r4
 177 00aa 44F28101 		movw	r1, #16513
 178 00ae 4846     		mov	r0, r9
 179 00b0 FFF7FEFF 		bl	HAL_GPIO_WritePin
 180              	.LVL0:
  59:Core/Src/gpio.c **** 
  60:Core/Src/gpio.c ****   /*Configure GPIO pin Output Level */
  61:Core/Src/gpio.c ****   HAL_GPIO_WritePin(GPIOF, GPIO_PIN_13, GPIO_PIN_RESET);
 181              		.loc 1 61 3 view .LVU52
 182 00b4 214F     		ldr	r7, .L3+4
 183 00b6 2246     		mov	r2, r4
 184 00b8 4FF40051 		mov	r1, #8192
 185 00bc 3846     		mov	r0, r7
 186 00be FFF7FEFF 		bl	HAL_GPIO_WritePin
 187              	.LVL1:
  62:Core/Src/gpio.c **** 
  63:Core/Src/gpio.c ****   /*Configure GPIO pin Output Level */
  64:Core/Src/gpio.c ****   HAL_GPIO_WritePin(USB_PowerSwitchOn_GPIO_Port, USB_PowerSwitchOn_Pin, GPIO_PIN_RESET);
 188              		.loc 1 64 3 view .LVU53
 189 00c2 1F4D     		ldr	r5, .L3+8
 190 00c4 2246     		mov	r2, r4
 191 00c6 4021     		movs	r1, #64
 192 00c8 2846     		mov	r0, r5
 193 00ca FFF7FEFF 		bl	HAL_GPIO_WritePin
 194              	.LVL2:
  65:Core/Src/gpio.c **** 
  66:Core/Src/gpio.c ****   /*Configure GPIO pin : USER_Btn_Pin */
  67:Core/Src/gpio.c ****   GPIO_InitStruct.Pin = USER_Btn_Pin;
 195              		.loc 1 67 3 view .LVU54
 196              		.loc 1 67 23 is_stmt 0 view .LVU55
 197 00ce 4FF40058 		mov	r8, #8192
 198 00d2 CDF82480 		str	r8, [sp, #36]
  68:Core/Src/gpio.c ****   GPIO_InitStruct.Mode = GPIO_MODE_IT_RISING;
 199              		.loc 1 68 3 is_stmt 1 view .LVU56
 200              		.loc 1 68 24 is_stmt 0 view .LVU57
 201 00d6 4FF48813 		mov	r3, #1114112
 202 00da 0A93     		str	r3, [sp, #40]
  69:Core/Src/gpio.c ****   GPIO_InitStruct.Pull = GPIO_NOPULL;
 203              		.loc 1 69 3 is_stmt 1 view .LVU58
 204              		.loc 1 69 24 is_stmt 0 view .LVU59
 205 00dc 0B94     		str	r4, [sp, #44]
  70:Core/Src/gpio.c ****   HAL_GPIO_Init(USER_Btn_GPIO_Port, &GPIO_InitStruct);
 206              		.loc 1 70 3 is_stmt 1 view .LVU60
 207 00de 09A9     		add	r1, sp, #36
 208 00e0 1848     		ldr	r0, .L3+12
 209 00e2 FFF7FEFF 		bl	HAL_GPIO_Init
 210              	.LVL3:
  71:Core/Src/gpio.c **** 
  72:Core/Src/gpio.c ****   /*Configure GPIO pins : LD1_Pin LD3_Pin LD2_Pin */
  73:Core/Src/gpio.c ****   GPIO_InitStruct.Pin = LD1_Pin|LD3_Pin|LD2_Pin;
 211              		.loc 1 73 3 view .LVU61
 212              		.loc 1 73 23 is_stmt 0 view .LVU62
 213 00e6 44F28103 		movw	r3, #16513
ARM GAS  /tmp/ccHyLb0C.s 			page 6


 214 00ea 0993     		str	r3, [sp, #36]
  74:Core/Src/gpio.c ****   GPIO_InitStruct.Mode = GPIO_MODE_OUTPUT_PP;
 215              		.loc 1 74 3 is_stmt 1 view .LVU63
 216              		.loc 1 74 24 is_stmt 0 view .LVU64
 217 00ec 0126     		movs	r6, #1
 218 00ee 0A96     		str	r6, [sp, #40]
  75:Core/Src/gpio.c ****   GPIO_InitStruct.Pull = GPIO_NOPULL;
 219              		.loc 1 75 3 is_stmt 1 view .LVU65
 220              		.loc 1 75 24 is_stmt 0 view .LVU66
 221 00f0 0B94     		str	r4, [sp, #44]
  76:Core/Src/gpio.c ****   GPIO_InitStruct.Speed = GPIO_SPEED_FREQ_LOW;
 222              		.loc 1 76 3 is_stmt 1 view .LVU67
 223              		.loc 1 76 25 is_stmt 0 view .LVU68
 224 00f2 0C94     		str	r4, [sp, #48]
  77:Core/Src/gpio.c ****   HAL_GPIO_Init(GPIOB, &GPIO_InitStruct);
 225              		.loc 1 77 3 is_stmt 1 view .LVU69
 226 00f4 09A9     		add	r1, sp, #36
 227 00f6 4846     		mov	r0, r9
 228 00f8 FFF7FEFF 		bl	HAL_GPIO_Init
 229              	.LVL4:
  78:Core/Src/gpio.c **** 
  79:Core/Src/gpio.c ****   /*Configure GPIO pin : PF13 */
  80:Core/Src/gpio.c ****   GPIO_InitStruct.Pin = GPIO_PIN_13;
 230              		.loc 1 80 3 view .LVU70
 231              		.loc 1 80 23 is_stmt 0 view .LVU71
 232 00fc CDF82480 		str	r8, [sp, #36]
  81:Core/Src/gpio.c ****   GPIO_InitStruct.Mode = GPIO_MODE_OUTPUT_PP;
 233              		.loc 1 81 3 is_stmt 1 view .LVU72
 234              		.loc 1 81 24 is_stmt 0 view .LVU73
 235 0100 0A96     		str	r6, [sp, #40]
  82:Core/Src/gpio.c ****   GPIO_InitStruct.Pull = GPIO_NOPULL;
 236              		.loc 1 82 3 is_stmt 1 view .LVU74
 237              		.loc 1 82 24 is_stmt 0 view .LVU75
 238 0102 0B94     		str	r4, [sp, #44]
  83:Core/Src/gpio.c ****   GPIO_InitStruct.Speed = GPIO_SPEED_FREQ_LOW;
 239              		.loc 1 83 3 is_stmt 1 view .LVU76
 240              		.loc 1 83 25 is_stmt 0 view .LVU77
 241 0104 0C94     		str	r4, [sp, #48]
  84:Core/Src/gpio.c ****   HAL_GPIO_Init(GPIOF, &GPIO_InitStruct);
 242              		.loc 1 84 3 is_stmt 1 view .LVU78
 243 0106 09A9     		add	r1, sp, #36
 244 0108 3846     		mov	r0, r7
 245 010a FFF7FEFF 		bl	HAL_GPIO_Init
 246              	.LVL5:
  85:Core/Src/gpio.c **** 
  86:Core/Src/gpio.c ****   /*Configure GPIO pin : USB_PowerSwitchOn_Pin */
  87:Core/Src/gpio.c ****   GPIO_InitStruct.Pin = USB_PowerSwitchOn_Pin;
 247              		.loc 1 87 3 view .LVU79
 248              		.loc 1 87 23 is_stmt 0 view .LVU80
 249 010e 4023     		movs	r3, #64
 250 0110 0993     		str	r3, [sp, #36]
  88:Core/Src/gpio.c ****   GPIO_InitStruct.Mode = GPIO_MODE_OUTPUT_PP;
 251              		.loc 1 88 3 is_stmt 1 view .LVU81
 252              		.loc 1 88 24 is_stmt 0 view .LVU82
 253 0112 0A96     		str	r6, [sp, #40]
  89:Core/Src/gpio.c ****   GPIO_InitStruct.Pull = GPIO_NOPULL;
 254              		.loc 1 89 3 is_stmt 1 view .LVU83
ARM GAS  /tmp/ccHyLb0C.s 			page 7


 255              		.loc 1 89 24 is_stmt 0 view .LVU84
 256 0114 0B94     		str	r4, [sp, #44]
  90:Core/Src/gpio.c ****   GPIO_InitStruct.Speed = GPIO_SPEED_FREQ_LOW;
 257              		.loc 1 90 3 is_stmt 1 view .LVU85
 258              		.loc 1 90 25 is_stmt 0 view .LVU86
 259 0116 0C94     		str	r4, [sp, #48]
  91:Core/Src/gpio.c ****   HAL_GPIO_Init(USB_PowerSwitchOn_GPIO_Port, &GPIO_InitStruct);
 260              		.loc 1 91 3 is_stmt 1 view .LVU87
 261 0118 09A9     		add	r1, sp, #36
 262 011a 2846     		mov	r0, r5
 263 011c FFF7FEFF 		bl	HAL_GPIO_Init
 264              	.LVL6:
  92:Core/Src/gpio.c **** 
  93:Core/Src/gpio.c ****   /*Configure GPIO pin : USB_OverCurrent_Pin */
  94:Core/Src/gpio.c ****   GPIO_InitStruct.Pin = USB_OverCurrent_Pin;
 265              		.loc 1 94 3 view .LVU88
 266              		.loc 1 94 23 is_stmt 0 view .LVU89
 267 0120 8023     		movs	r3, #128
 268 0122 0993     		str	r3, [sp, #36]
  95:Core/Src/gpio.c ****   GPIO_InitStruct.Mode = GPIO_MODE_INPUT;
 269              		.loc 1 95 3 is_stmt 1 view .LVU90
 270              		.loc 1 95 24 is_stmt 0 view .LVU91
 271 0124 0A94     		str	r4, [sp, #40]
  96:Core/Src/gpio.c ****   GPIO_InitStruct.Pull = GPIO_NOPULL;
 272              		.loc 1 96 3 is_stmt 1 view .LVU92
 273              		.loc 1 96 24 is_stmt 0 view .LVU93
 274 0126 0B94     		str	r4, [sp, #44]
  97:Core/Src/gpio.c ****   HAL_GPIO_Init(USB_OverCurrent_GPIO_Port, &GPIO_InitStruct);
 275              		.loc 1 97 3 is_stmt 1 view .LVU94
 276 0128 09A9     		add	r1, sp, #36
 277 012a 2846     		mov	r0, r5
 278 012c FFF7FEFF 		bl	HAL_GPIO_Init
 279              	.LVL7:
  98:Core/Src/gpio.c **** 
  99:Core/Src/gpio.c **** }
 280              		.loc 1 99 1 is_stmt 0 view .LVU95
 281 0130 0FB0     		add	sp, sp, #60
 282              	.LCFI2:
 283              		.cfi_def_cfa_offset 28
 284              		@ sp needed
 285 0132 BDE8F083 		pop	{r4, r5, r6, r7, r8, r9, pc}
 286              	.L4:
 287 0136 00BF     		.align	2
 288              	.L3:
 289 0138 00380240 		.word	1073887232
 290 013c 00140240 		.word	1073878016
 291 0140 00180240 		.word	1073879040
 292 0144 00080240 		.word	1073874944
 293 0148 00040240 		.word	1073873920
 294              		.cfi_endproc
 295              	.LFE141:
 297              		.text
 298              	.Letext0:
 299              		.file 2 "/usr/lib/gcc/arm-none-eabi/13.2.1/include/stdint.h"
 300              		.file 3 "Drivers/CMSIS/Device/ST/STM32F7xx/Include/stm32f767xx.h"
 301              		.file 4 "Drivers/STM32F7xx_HAL_Driver/Inc/stm32f7xx_hal_gpio.h"
ARM GAS  /tmp/ccHyLb0C.s 			page 8


DEFINED SYMBOLS
                            *ABS*:00000000 gpio.c
     /tmp/ccHyLb0C.s:20     .text.MX_GPIO_Init:00000000 $t
     /tmp/ccHyLb0C.s:26     .text.MX_GPIO_Init:00000000 MX_GPIO_Init
     /tmp/ccHyLb0C.s:289    .text.MX_GPIO_Init:00000138 $d

UNDEFINED SYMBOLS
HAL_GPIO_WritePin
HAL_GPIO_Init
