ARM GAS  /tmp/ccxCkZX4.s 			page 1


   1              		.cpu cortex-m7
   2              		.arch armv7e-m
   3              		.fpu fpv5-d16
   4              		.eabi_attribute 28, 1
   5              		.eabi_attribute 20, 1
   6              		.eabi_attribute 21, 1
   7              		.eabi_attribute 23, 3
   8              		.eabi_attribute 24, 1
   9              		.eabi_attribute 25, 1
  10              		.eabi_attribute 26, 1
  11              		.eabi_attribute 30, 1
  12              		.eabi_attribute 34, 1
  13              		.eabi_attribute 18, 4
  14              		.file	"main.c"
  15              		.text
  16              	.Ltext0:
  17              		.cfi_sections	.debug_frame
  18              		.file 1 "Core/Src/main.c"
  19              		.section	.text.MPU_Config,"ax",%progbits
  20              		.align	1
  21              		.syntax unified
  22              		.thumb
  23              		.thumb_func
  25              	MPU_Config:
  26              	.LFB143:
   1:Core/Src/main.c **** /* USER CODE BEGIN Header */
   2:Core/Src/main.c **** /**
   3:Core/Src/main.c ****  ******************************************************************************
   4:Core/Src/main.c ****  * @file           : main.c
   5:Core/Src/main.c ****  * @brief          : Main program body
   6:Core/Src/main.c ****  ******************************************************************************
   7:Core/Src/main.c ****  * @attention
   8:Core/Src/main.c ****  *
   9:Core/Src/main.c ****  * Copyright (c) 2025 STMicroelectronics.
  10:Core/Src/main.c ****  * All rights reserved.
  11:Core/Src/main.c ****  *
  12:Core/Src/main.c ****  * This software is licensed under terms that can be found in the LICENSE file
  13:Core/Src/main.c ****  * in the root directory of this software component.
  14:Core/Src/main.c ****  * If no LICENSE file comes with this software, it is provided AS-IS.
  15:Core/Src/main.c ****  *
  16:Core/Src/main.c ****  ******************************************************************************
  17:Core/Src/main.c ****  */
  18:Core/Src/main.c **** /* USER CODE END Header */
  19:Core/Src/main.c **** /* Includes ------------------------------------------------------------------*/
  20:Core/Src/main.c **** #include "main.h"
  21:Core/Src/main.c **** #include "can.h"
  22:Core/Src/main.c **** #include "eth.h"
  23:Core/Src/main.c **** #include "usart.h"
  24:Core/Src/main.c **** #include "usb_otg.h"
  25:Core/Src/main.c **** #include "gpio.h"
  26:Core/Src/main.c **** 
  27:Core/Src/main.c **** /* Private includes ----------------------------------------------------------*/
  28:Core/Src/main.c **** /* USER CODE BEGIN Includes */
  29:Core/Src/main.c **** 
  30:Core/Src/main.c **** /* USER CODE END Includes */
  31:Core/Src/main.c **** 
  32:Core/Src/main.c **** /* Private typedef -----------------------------------------------------------*/
ARM GAS  /tmp/ccxCkZX4.s 			page 2


  33:Core/Src/main.c **** /* USER CODE BEGIN PTD */
  34:Core/Src/main.c **** 
  35:Core/Src/main.c **** /* USER CODE END PTD */
  36:Core/Src/main.c **** 
  37:Core/Src/main.c **** /* Private define ------------------------------------------------------------*/
  38:Core/Src/main.c **** /* USER CODE BEGIN PD */
  39:Core/Src/main.c **** 
  40:Core/Src/main.c **** /* USER CODE END PD */
  41:Core/Src/main.c **** 
  42:Core/Src/main.c **** /* Private macro -------------------------------------------------------------*/
  43:Core/Src/main.c **** /* USER CODE BEGIN PM */
  44:Core/Src/main.c **** 
  45:Core/Src/main.c **** /* USER CODE END PM */
  46:Core/Src/main.c **** 
  47:Core/Src/main.c **** /* Private variables ---------------------------------------------------------*/
  48:Core/Src/main.c **** 
  49:Core/Src/main.c **** /* USER CODE BEGIN PV */
  50:Core/Src/main.c **** 
  51:Core/Src/main.c **** /* USER CODE END PV */
  52:Core/Src/main.c **** 
  53:Core/Src/main.c **** /* Private function prototypes -----------------------------------------------*/
  54:Core/Src/main.c **** void SystemClock_Config(void);
  55:Core/Src/main.c **** static void MPU_Config(void);
  56:Core/Src/main.c **** /* USER CODE BEGIN PFP */
  57:Core/Src/main.c **** 
  58:Core/Src/main.c **** /* USER CODE END PFP */
  59:Core/Src/main.c **** 
  60:Core/Src/main.c **** /* Private user code ---------------------------------------------------------*/
  61:Core/Src/main.c **** /* USER CODE BEGIN 0 */
  62:Core/Src/main.c **** 
  63:Core/Src/main.c **** /* USER CODE END 0 */
  64:Core/Src/main.c **** 
  65:Core/Src/main.c **** /**
  66:Core/Src/main.c ****   * @brief  The application entry point.
  67:Core/Src/main.c ****   * @retval int
  68:Core/Src/main.c ****   */
  69:Core/Src/main.c **** int main(void)
  70:Core/Src/main.c **** {
  71:Core/Src/main.c **** 
  72:Core/Src/main.c ****   /* USER CODE BEGIN 1 */
  73:Core/Src/main.c **** 
  74:Core/Src/main.c ****   /* USER CODE END 1 */
  75:Core/Src/main.c **** 
  76:Core/Src/main.c ****   /* MPU Configuration--------------------------------------------------------*/
  77:Core/Src/main.c ****   MPU_Config();
  78:Core/Src/main.c **** 
  79:Core/Src/main.c ****   /* MCU Configuration--------------------------------------------------------*/
  80:Core/Src/main.c **** 
  81:Core/Src/main.c ****   /* Reset of all peripherals, Initializes the Flash interface and the Systick. */
  82:Core/Src/main.c ****   HAL_Init();
  83:Core/Src/main.c **** 
  84:Core/Src/main.c ****   /* USER CODE BEGIN Init */
  85:Core/Src/main.c **** 
  86:Core/Src/main.c ****   /* USER CODE END Init */
  87:Core/Src/main.c **** 
  88:Core/Src/main.c ****   /* Configure the system clock */
  89:Core/Src/main.c ****   SystemClock_Config();
ARM GAS  /tmp/ccxCkZX4.s 			page 3


  90:Core/Src/main.c **** 
  91:Core/Src/main.c ****   /* USER CODE BEGIN SysInit */
  92:Core/Src/main.c **** 
  93:Core/Src/main.c ****   /* USER CODE END SysInit */
  94:Core/Src/main.c **** 
  95:Core/Src/main.c ****   /* Initialize all configured peripherals */
  96:Core/Src/main.c ****   MX_GPIO_Init();
  97:Core/Src/main.c ****   MX_ETH_Init();
  98:Core/Src/main.c ****   MX_USART3_UART_Init();
  99:Core/Src/main.c ****   MX_USB_OTG_FS_PCD_Init();
 100:Core/Src/main.c ****   MX_CAN1_Init();
 101:Core/Src/main.c ****   /* USER CODE BEGIN 2 */
 102:Core/Src/main.c **** 
 103:Core/Src/main.c ****   /* USER CODE END 2 */
 104:Core/Src/main.c **** 
 105:Core/Src/main.c ****   /* Infinite loop */
 106:Core/Src/main.c ****   /* USER CODE BEGIN WHILE */
 107:Core/Src/main.c ****   while (1) {
 108:Core/Src/main.c **** 
 109:Core/Src/main.c ****     /* USER CODE END WHILE */
 110:Core/Src/main.c **** 
 111:Core/Src/main.c ****     /* USER CODE BEGIN 3 */
 112:Core/Src/main.c ****   }
 113:Core/Src/main.c ****   /* USER CODE END 3 */
 114:Core/Src/main.c **** }
 115:Core/Src/main.c **** 
 116:Core/Src/main.c **** /**
 117:Core/Src/main.c ****   * @brief System Clock Configuration
 118:Core/Src/main.c ****   * @retval None
 119:Core/Src/main.c ****   */
 120:Core/Src/main.c **** void SystemClock_Config(void)
 121:Core/Src/main.c **** {
 122:Core/Src/main.c ****   RCC_OscInitTypeDef RCC_OscInitStruct = {0};
 123:Core/Src/main.c ****   RCC_ClkInitTypeDef RCC_ClkInitStruct = {0};
 124:Core/Src/main.c **** 
 125:Core/Src/main.c ****   /** Configure LSE Drive Capability
 126:Core/Src/main.c ****   */
 127:Core/Src/main.c ****   HAL_PWR_EnableBkUpAccess();
 128:Core/Src/main.c **** 
 129:Core/Src/main.c ****   /** Configure the main internal regulator output voltage
 130:Core/Src/main.c ****   */
 131:Core/Src/main.c ****   __HAL_RCC_PWR_CLK_ENABLE();
 132:Core/Src/main.c ****   __HAL_PWR_VOLTAGESCALING_CONFIG(PWR_REGULATOR_VOLTAGE_SCALE3);
 133:Core/Src/main.c **** 
 134:Core/Src/main.c ****   /** Initializes the RCC Oscillators according to the specified parameters
 135:Core/Src/main.c ****   * in the RCC_OscInitTypeDef structure.
 136:Core/Src/main.c ****   */
 137:Core/Src/main.c ****   RCC_OscInitStruct.OscillatorType = RCC_OSCILLATORTYPE_HSE;
 138:Core/Src/main.c ****   RCC_OscInitStruct.HSEState = RCC_HSE_BYPASS;
 139:Core/Src/main.c ****   RCC_OscInitStruct.PLL.PLLState = RCC_PLL_ON;
 140:Core/Src/main.c ****   RCC_OscInitStruct.PLL.PLLSource = RCC_PLLSOURCE_HSE;
 141:Core/Src/main.c ****   RCC_OscInitStruct.PLL.PLLM = 4;
 142:Core/Src/main.c ****   RCC_OscInitStruct.PLL.PLLN = 96;
 143:Core/Src/main.c ****   RCC_OscInitStruct.PLL.PLLP = RCC_PLLP_DIV2;
 144:Core/Src/main.c ****   RCC_OscInitStruct.PLL.PLLQ = 4;
 145:Core/Src/main.c ****   RCC_OscInitStruct.PLL.PLLR = 2;
 146:Core/Src/main.c ****   if (HAL_RCC_OscConfig(&RCC_OscInitStruct) != HAL_OK)
ARM GAS  /tmp/ccxCkZX4.s 			page 4


 147:Core/Src/main.c ****   {
 148:Core/Src/main.c ****     Error_Handler();
 149:Core/Src/main.c ****   }
 150:Core/Src/main.c **** 
 151:Core/Src/main.c ****   /** Activate the Over-Drive mode
 152:Core/Src/main.c ****   */
 153:Core/Src/main.c ****   if (HAL_PWREx_EnableOverDrive() != HAL_OK)
 154:Core/Src/main.c ****   {
 155:Core/Src/main.c ****     Error_Handler();
 156:Core/Src/main.c ****   }
 157:Core/Src/main.c **** 
 158:Core/Src/main.c ****   /** Initializes the CPU, AHB and APB buses clocks
 159:Core/Src/main.c ****   */
 160:Core/Src/main.c ****   RCC_ClkInitStruct.ClockType = RCC_CLOCKTYPE_HCLK|RCC_CLOCKTYPE_SYSCLK
 161:Core/Src/main.c ****                               |RCC_CLOCKTYPE_PCLK1|RCC_CLOCKTYPE_PCLK2;
 162:Core/Src/main.c ****   RCC_ClkInitStruct.SYSCLKSource = RCC_SYSCLKSOURCE_PLLCLK;
 163:Core/Src/main.c ****   RCC_ClkInitStruct.AHBCLKDivider = RCC_SYSCLK_DIV1;
 164:Core/Src/main.c ****   RCC_ClkInitStruct.APB1CLKDivider = RCC_HCLK_DIV2;
 165:Core/Src/main.c ****   RCC_ClkInitStruct.APB2CLKDivider = RCC_HCLK_DIV1;
 166:Core/Src/main.c **** 
 167:Core/Src/main.c ****   if (HAL_RCC_ClockConfig(&RCC_ClkInitStruct, FLASH_LATENCY_3) != HAL_OK)
 168:Core/Src/main.c ****   {
 169:Core/Src/main.c ****     Error_Handler();
 170:Core/Src/main.c ****   }
 171:Core/Src/main.c **** }
 172:Core/Src/main.c **** 
 173:Core/Src/main.c **** /* USER CODE BEGIN 4 */
 174:Core/Src/main.c **** 
 175:Core/Src/main.c **** /* USER CODE END 4 */
 176:Core/Src/main.c **** 
 177:Core/Src/main.c ****  /* MPU Configuration */
 178:Core/Src/main.c **** 
 179:Core/Src/main.c **** void MPU_Config(void)
 180:Core/Src/main.c **** {
  27              		.loc 1 180 1 view -0
  28              		.cfi_startproc
  29              		@ args = 0, pretend = 0, frame = 16
  30              		@ frame_needed = 0, uses_anonymous_args = 0
  31 0000 10B5     		push	{r4, lr}
  32              	.LCFI0:
  33              		.cfi_def_cfa_offset 8
  34              		.cfi_offset 4, -8
  35              		.cfi_offset 14, -4
  36 0002 84B0     		sub	sp, sp, #16
  37              	.LCFI1:
  38              		.cfi_def_cfa_offset 24
 181:Core/Src/main.c ****   MPU_Region_InitTypeDef MPU_InitStruct = {0};
  39              		.loc 1 181 3 view .LVU1
  40              		.loc 1 181 26 is_stmt 0 view .LVU2
  41 0004 0024     		movs	r4, #0
  42 0006 0094     		str	r4, [sp]
  43 0008 0194     		str	r4, [sp, #4]
  44 000a 0294     		str	r4, [sp, #8]
  45 000c 0394     		str	r4, [sp, #12]
 182:Core/Src/main.c **** 
 183:Core/Src/main.c ****   /* Disables the MPU */
 184:Core/Src/main.c ****   HAL_MPU_Disable();
ARM GAS  /tmp/ccxCkZX4.s 			page 5


  46              		.loc 1 184 3 is_stmt 1 view .LVU3
  47 000e FFF7FEFF 		bl	HAL_MPU_Disable
  48              	.LVL0:
 185:Core/Src/main.c **** 
 186:Core/Src/main.c ****   /** Initializes and configures the Region and the memory to be protected
 187:Core/Src/main.c ****   */
 188:Core/Src/main.c ****   MPU_InitStruct.Enable = MPU_REGION_ENABLE;
  49              		.loc 1 188 3 view .LVU4
  50              		.loc 1 188 25 is_stmt 0 view .LVU5
  51 0012 0123     		movs	r3, #1
  52 0014 8DF80030 		strb	r3, [sp]
 189:Core/Src/main.c ****   MPU_InitStruct.Number = MPU_REGION_NUMBER0;
  53              		.loc 1 189 3 is_stmt 1 view .LVU6
  54              		.loc 1 189 25 is_stmt 0 view .LVU7
  55 0018 8DF80140 		strb	r4, [sp, #1]
 190:Core/Src/main.c ****   MPU_InitStruct.BaseAddress = 0x0;
  56              		.loc 1 190 3 is_stmt 1 view .LVU8
  57              		.loc 1 190 30 is_stmt 0 view .LVU9
  58 001c 0194     		str	r4, [sp, #4]
 191:Core/Src/main.c ****   MPU_InitStruct.Size = MPU_REGION_SIZE_4GB;
  59              		.loc 1 191 3 is_stmt 1 view .LVU10
  60              		.loc 1 191 23 is_stmt 0 view .LVU11
  61 001e 1F22     		movs	r2, #31
  62 0020 8DF80820 		strb	r2, [sp, #8]
 192:Core/Src/main.c ****   MPU_InitStruct.SubRegionDisable = 0x87;
  63              		.loc 1 192 3 is_stmt 1 view .LVU12
  64              		.loc 1 192 35 is_stmt 0 view .LVU13
  65 0024 8722     		movs	r2, #135
  66 0026 8DF80920 		strb	r2, [sp, #9]
 193:Core/Src/main.c ****   MPU_InitStruct.TypeExtField = MPU_TEX_LEVEL0;
  67              		.loc 1 193 3 is_stmt 1 view .LVU14
  68              		.loc 1 193 31 is_stmt 0 view .LVU15
  69 002a 8DF80A40 		strb	r4, [sp, #10]
 194:Core/Src/main.c ****   MPU_InitStruct.AccessPermission = MPU_REGION_NO_ACCESS;
  70              		.loc 1 194 3 is_stmt 1 view .LVU16
  71              		.loc 1 194 35 is_stmt 0 view .LVU17
  72 002e 8DF80B40 		strb	r4, [sp, #11]
 195:Core/Src/main.c ****   MPU_InitStruct.DisableExec = MPU_INSTRUCTION_ACCESS_DISABLE;
  73              		.loc 1 195 3 is_stmt 1 view .LVU18
  74              		.loc 1 195 30 is_stmt 0 view .LVU19
  75 0032 8DF80C30 		strb	r3, [sp, #12]
 196:Core/Src/main.c ****   MPU_InitStruct.IsShareable = MPU_ACCESS_SHAREABLE;
  76              		.loc 1 196 3 is_stmt 1 view .LVU20
  77              		.loc 1 196 30 is_stmt 0 view .LVU21
  78 0036 8DF80D30 		strb	r3, [sp, #13]
 197:Core/Src/main.c ****   MPU_InitStruct.IsCacheable = MPU_ACCESS_NOT_CACHEABLE;
  79              		.loc 1 197 3 is_stmt 1 view .LVU22
  80              		.loc 1 197 30 is_stmt 0 view .LVU23
  81 003a 8DF80E40 		strb	r4, [sp, #14]
 198:Core/Src/main.c ****   MPU_InitStruct.IsBufferable = MPU_ACCESS_NOT_BUFFERABLE;
  82              		.loc 1 198 3 is_stmt 1 view .LVU24
  83              		.loc 1 198 31 is_stmt 0 view .LVU25
  84 003e 8DF80F40 		strb	r4, [sp, #15]
 199:Core/Src/main.c **** 
 200:Core/Src/main.c ****   HAL_MPU_ConfigRegion(&MPU_InitStruct);
  85              		.loc 1 200 3 is_stmt 1 view .LVU26
  86 0042 6846     		mov	r0, sp
ARM GAS  /tmp/ccxCkZX4.s 			page 6


  87 0044 FFF7FEFF 		bl	HAL_MPU_ConfigRegion
  88              	.LVL1:
 201:Core/Src/main.c ****   /* Enables the MPU */
 202:Core/Src/main.c ****   HAL_MPU_Enable(MPU_PRIVILEGED_DEFAULT);
  89              		.loc 1 202 3 view .LVU27
  90 0048 0420     		movs	r0, #4
  91 004a FFF7FEFF 		bl	HAL_MPU_Enable
  92              	.LVL2:
 203:Core/Src/main.c **** 
 204:Core/Src/main.c **** }
  93              		.loc 1 204 1 is_stmt 0 view .LVU28
  94 004e 04B0     		add	sp, sp, #16
  95              	.LCFI2:
  96              		.cfi_def_cfa_offset 8
  97              		@ sp needed
  98 0050 10BD     		pop	{r4, pc}
  99              		.cfi_endproc
 100              	.LFE143:
 102              		.section	.text.Error_Handler,"ax",%progbits
 103              		.align	1
 104              		.global	Error_Handler
 105              		.syntax unified
 106              		.thumb
 107              		.thumb_func
 109              	Error_Handler:
 110              	.LFB144:
 205:Core/Src/main.c **** 
 206:Core/Src/main.c **** /**
 207:Core/Src/main.c ****   * @brief  This function is executed in case of error occurrence.
 208:Core/Src/main.c ****   * @retval None
 209:Core/Src/main.c ****   */
 210:Core/Src/main.c **** void Error_Handler(void)
 211:Core/Src/main.c **** {
 111              		.loc 1 211 1 is_stmt 1 view -0
 112              		.cfi_startproc
 113              		@ Volatile: function does not return.
 114              		@ args = 0, pretend = 0, frame = 0
 115              		@ frame_needed = 0, uses_anonymous_args = 0
 116              		@ link register save eliminated.
 212:Core/Src/main.c ****   /* USER CODE BEGIN Error_Handler_Debug */
 213:Core/Src/main.c ****   /* User can add his own implementation to report the HAL error return state */
 214:Core/Src/main.c ****   __disable_irq();
 117              		.loc 1 214 3 view .LVU30
 118              	.LBB4:
 119              	.LBI4:
 120              		.file 2 "Drivers/CMSIS/Include/cmsis_gcc.h"
   1:Drivers/CMSIS/Include/cmsis_gcc.h **** /**************************************************************************//**
   2:Drivers/CMSIS/Include/cmsis_gcc.h ****  * @file     cmsis_gcc.h
   3:Drivers/CMSIS/Include/cmsis_gcc.h ****  * @brief    CMSIS compiler GCC header file
   4:Drivers/CMSIS/Include/cmsis_gcc.h ****  * @version  V5.0.4
   5:Drivers/CMSIS/Include/cmsis_gcc.h ****  * @date     09. April 2018
   6:Drivers/CMSIS/Include/cmsis_gcc.h ****  ******************************************************************************/
   7:Drivers/CMSIS/Include/cmsis_gcc.h **** /*
   8:Drivers/CMSIS/Include/cmsis_gcc.h ****  * Copyright (c) 2009-2018 Arm Limited. All rights reserved.
   9:Drivers/CMSIS/Include/cmsis_gcc.h ****  *
  10:Drivers/CMSIS/Include/cmsis_gcc.h ****  * SPDX-License-Identifier: Apache-2.0
  11:Drivers/CMSIS/Include/cmsis_gcc.h ****  *
ARM GAS  /tmp/ccxCkZX4.s 			page 7


  12:Drivers/CMSIS/Include/cmsis_gcc.h ****  * Licensed under the Apache License, Version 2.0 (the License); you may
  13:Drivers/CMSIS/Include/cmsis_gcc.h ****  * not use this file except in compliance with the License.
  14:Drivers/CMSIS/Include/cmsis_gcc.h ****  * You may obtain a copy of the License at
  15:Drivers/CMSIS/Include/cmsis_gcc.h ****  *
  16:Drivers/CMSIS/Include/cmsis_gcc.h ****  * www.apache.org/licenses/LICENSE-2.0
  17:Drivers/CMSIS/Include/cmsis_gcc.h ****  *
  18:Drivers/CMSIS/Include/cmsis_gcc.h ****  * Unless required by applicable law or agreed to in writing, software
  19:Drivers/CMSIS/Include/cmsis_gcc.h ****  * distributed under the License is distributed on an AS IS BASIS, WITHOUT
  20:Drivers/CMSIS/Include/cmsis_gcc.h ****  * WARRANTIES OR CONDITIONS OF ANY KIND, either express or implied.
  21:Drivers/CMSIS/Include/cmsis_gcc.h ****  * See the License for the specific language governing permissions and
  22:Drivers/CMSIS/Include/cmsis_gcc.h ****  * limitations under the License.
  23:Drivers/CMSIS/Include/cmsis_gcc.h ****  */
  24:Drivers/CMSIS/Include/cmsis_gcc.h **** 
  25:Drivers/CMSIS/Include/cmsis_gcc.h **** #ifndef __CMSIS_GCC_H
  26:Drivers/CMSIS/Include/cmsis_gcc.h **** #define __CMSIS_GCC_H
  27:Drivers/CMSIS/Include/cmsis_gcc.h **** 
  28:Drivers/CMSIS/Include/cmsis_gcc.h **** /* ignore some GCC warnings */
  29:Drivers/CMSIS/Include/cmsis_gcc.h **** #pragma GCC diagnostic push
  30:Drivers/CMSIS/Include/cmsis_gcc.h **** #pragma GCC diagnostic ignored "-Wsign-conversion"
  31:Drivers/CMSIS/Include/cmsis_gcc.h **** #pragma GCC diagnostic ignored "-Wconversion"
  32:Drivers/CMSIS/Include/cmsis_gcc.h **** #pragma GCC diagnostic ignored "-Wunused-parameter"
  33:Drivers/CMSIS/Include/cmsis_gcc.h **** 
  34:Drivers/CMSIS/Include/cmsis_gcc.h **** /* Fallback for __has_builtin */
  35:Drivers/CMSIS/Include/cmsis_gcc.h **** #ifndef __has_builtin
  36:Drivers/CMSIS/Include/cmsis_gcc.h ****   #define __has_builtin(x) (0)
  37:Drivers/CMSIS/Include/cmsis_gcc.h **** #endif
  38:Drivers/CMSIS/Include/cmsis_gcc.h **** 
  39:Drivers/CMSIS/Include/cmsis_gcc.h **** /* CMSIS compiler specific defines */
  40:Drivers/CMSIS/Include/cmsis_gcc.h **** #ifndef   __ASM
  41:Drivers/CMSIS/Include/cmsis_gcc.h ****   #define __ASM                                  __asm
  42:Drivers/CMSIS/Include/cmsis_gcc.h **** #endif
  43:Drivers/CMSIS/Include/cmsis_gcc.h **** #ifndef   __INLINE
  44:Drivers/CMSIS/Include/cmsis_gcc.h ****   #define __INLINE                               inline
  45:Drivers/CMSIS/Include/cmsis_gcc.h **** #endif
  46:Drivers/CMSIS/Include/cmsis_gcc.h **** #ifndef   __STATIC_INLINE
  47:Drivers/CMSIS/Include/cmsis_gcc.h ****   #define __STATIC_INLINE                        static inline
  48:Drivers/CMSIS/Include/cmsis_gcc.h **** #endif
  49:Drivers/CMSIS/Include/cmsis_gcc.h **** #ifndef   __STATIC_FORCEINLINE                 
  50:Drivers/CMSIS/Include/cmsis_gcc.h ****   #define __STATIC_FORCEINLINE                   __attribute__((always_inline)) static inline
  51:Drivers/CMSIS/Include/cmsis_gcc.h **** #endif                                           
  52:Drivers/CMSIS/Include/cmsis_gcc.h **** #ifndef   __NO_RETURN
  53:Drivers/CMSIS/Include/cmsis_gcc.h ****   #define __NO_RETURN                            __attribute__((__noreturn__))
  54:Drivers/CMSIS/Include/cmsis_gcc.h **** #endif
  55:Drivers/CMSIS/Include/cmsis_gcc.h **** #ifndef   __USED
  56:Drivers/CMSIS/Include/cmsis_gcc.h ****   #define __USED                                 __attribute__((used))
  57:Drivers/CMSIS/Include/cmsis_gcc.h **** #endif
  58:Drivers/CMSIS/Include/cmsis_gcc.h **** #ifndef   __WEAK
  59:Drivers/CMSIS/Include/cmsis_gcc.h ****   #define __WEAK                                 __attribute__((weak))
  60:Drivers/CMSIS/Include/cmsis_gcc.h **** #endif
  61:Drivers/CMSIS/Include/cmsis_gcc.h **** #ifndef   __PACKED
  62:Drivers/CMSIS/Include/cmsis_gcc.h ****   #define __PACKED                               __attribute__((packed, aligned(1)))
  63:Drivers/CMSIS/Include/cmsis_gcc.h **** #endif
  64:Drivers/CMSIS/Include/cmsis_gcc.h **** #ifndef   __PACKED_STRUCT
  65:Drivers/CMSIS/Include/cmsis_gcc.h ****   #define __PACKED_STRUCT                        struct __attribute__((packed, aligned(1)))
  66:Drivers/CMSIS/Include/cmsis_gcc.h **** #endif
  67:Drivers/CMSIS/Include/cmsis_gcc.h **** #ifndef   __PACKED_UNION
  68:Drivers/CMSIS/Include/cmsis_gcc.h ****   #define __PACKED_UNION                         union __attribute__((packed, aligned(1)))
ARM GAS  /tmp/ccxCkZX4.s 			page 8


  69:Drivers/CMSIS/Include/cmsis_gcc.h **** #endif
  70:Drivers/CMSIS/Include/cmsis_gcc.h **** #ifndef   __UNALIGNED_UINT32        /* deprecated */
  71:Drivers/CMSIS/Include/cmsis_gcc.h ****   #pragma GCC diagnostic push
  72:Drivers/CMSIS/Include/cmsis_gcc.h ****   #pragma GCC diagnostic ignored "-Wpacked"
  73:Drivers/CMSIS/Include/cmsis_gcc.h ****   #pragma GCC diagnostic ignored "-Wattributes"
  74:Drivers/CMSIS/Include/cmsis_gcc.h ****   struct __attribute__((packed)) T_UINT32 { uint32_t v; };
  75:Drivers/CMSIS/Include/cmsis_gcc.h ****   #pragma GCC diagnostic pop
  76:Drivers/CMSIS/Include/cmsis_gcc.h ****   #define __UNALIGNED_UINT32(x)                  (((struct T_UINT32 *)(x))->v)
  77:Drivers/CMSIS/Include/cmsis_gcc.h **** #endif
  78:Drivers/CMSIS/Include/cmsis_gcc.h **** #ifndef   __UNALIGNED_UINT16_WRITE
  79:Drivers/CMSIS/Include/cmsis_gcc.h ****   #pragma GCC diagnostic push
  80:Drivers/CMSIS/Include/cmsis_gcc.h ****   #pragma GCC diagnostic ignored "-Wpacked"
  81:Drivers/CMSIS/Include/cmsis_gcc.h ****   #pragma GCC diagnostic ignored "-Wattributes"
  82:Drivers/CMSIS/Include/cmsis_gcc.h ****   __PACKED_STRUCT T_UINT16_WRITE { uint16_t v; };
  83:Drivers/CMSIS/Include/cmsis_gcc.h ****   #pragma GCC diagnostic pop
  84:Drivers/CMSIS/Include/cmsis_gcc.h ****   #define __UNALIGNED_UINT16_WRITE(addr, val)    (void)((((struct T_UINT16_WRITE *)(void *)(addr))-
  85:Drivers/CMSIS/Include/cmsis_gcc.h **** #endif
  86:Drivers/CMSIS/Include/cmsis_gcc.h **** #ifndef   __UNALIGNED_UINT16_READ
  87:Drivers/CMSIS/Include/cmsis_gcc.h ****   #pragma GCC diagnostic push
  88:Drivers/CMSIS/Include/cmsis_gcc.h ****   #pragma GCC diagnostic ignored "-Wpacked"
  89:Drivers/CMSIS/Include/cmsis_gcc.h ****   #pragma GCC diagnostic ignored "-Wattributes"
  90:Drivers/CMSIS/Include/cmsis_gcc.h ****   __PACKED_STRUCT T_UINT16_READ { uint16_t v; };
  91:Drivers/CMSIS/Include/cmsis_gcc.h ****   #pragma GCC diagnostic pop
  92:Drivers/CMSIS/Include/cmsis_gcc.h ****   #define __UNALIGNED_UINT16_READ(addr)          (((const struct T_UINT16_READ *)(const void *)(add
  93:Drivers/CMSIS/Include/cmsis_gcc.h **** #endif
  94:Drivers/CMSIS/Include/cmsis_gcc.h **** #ifndef   __UNALIGNED_UINT32_WRITE
  95:Drivers/CMSIS/Include/cmsis_gcc.h ****   #pragma GCC diagnostic push
  96:Drivers/CMSIS/Include/cmsis_gcc.h ****   #pragma GCC diagnostic ignored "-Wpacked"
  97:Drivers/CMSIS/Include/cmsis_gcc.h ****   #pragma GCC diagnostic ignored "-Wattributes"
  98:Drivers/CMSIS/Include/cmsis_gcc.h ****   __PACKED_STRUCT T_UINT32_WRITE { uint32_t v; };
  99:Drivers/CMSIS/Include/cmsis_gcc.h ****   #pragma GCC diagnostic pop
 100:Drivers/CMSIS/Include/cmsis_gcc.h ****   #define __UNALIGNED_UINT32_WRITE(addr, val)    (void)((((struct T_UINT32_WRITE *)(void *)(addr))-
 101:Drivers/CMSIS/Include/cmsis_gcc.h **** #endif
 102:Drivers/CMSIS/Include/cmsis_gcc.h **** #ifndef   __UNALIGNED_UINT32_READ
 103:Drivers/CMSIS/Include/cmsis_gcc.h ****   #pragma GCC diagnostic push
 104:Drivers/CMSIS/Include/cmsis_gcc.h ****   #pragma GCC diagnostic ignored "-Wpacked"
 105:Drivers/CMSIS/Include/cmsis_gcc.h ****   #pragma GCC diagnostic ignored "-Wattributes"
 106:Drivers/CMSIS/Include/cmsis_gcc.h ****   __PACKED_STRUCT T_UINT32_READ { uint32_t v; };
 107:Drivers/CMSIS/Include/cmsis_gcc.h ****   #pragma GCC diagnostic pop
 108:Drivers/CMSIS/Include/cmsis_gcc.h ****   #define __UNALIGNED_UINT32_READ(addr)          (((const struct T_UINT32_READ *)(const void *)(add
 109:Drivers/CMSIS/Include/cmsis_gcc.h **** #endif
 110:Drivers/CMSIS/Include/cmsis_gcc.h **** #ifndef   __ALIGNED
 111:Drivers/CMSIS/Include/cmsis_gcc.h ****   #define __ALIGNED(x)                           __attribute__((aligned(x)))
 112:Drivers/CMSIS/Include/cmsis_gcc.h **** #endif
 113:Drivers/CMSIS/Include/cmsis_gcc.h **** #ifndef   __RESTRICT
 114:Drivers/CMSIS/Include/cmsis_gcc.h ****   #define __RESTRICT                             __restrict
 115:Drivers/CMSIS/Include/cmsis_gcc.h **** #endif
 116:Drivers/CMSIS/Include/cmsis_gcc.h **** 
 117:Drivers/CMSIS/Include/cmsis_gcc.h **** 
 118:Drivers/CMSIS/Include/cmsis_gcc.h **** /* ###########################  Core Function Access  ########################### */
 119:Drivers/CMSIS/Include/cmsis_gcc.h **** /** \ingroup  CMSIS_Core_FunctionInterface
 120:Drivers/CMSIS/Include/cmsis_gcc.h ****     \defgroup CMSIS_Core_RegAccFunctions CMSIS Core Register Access Functions
 121:Drivers/CMSIS/Include/cmsis_gcc.h ****   @{
 122:Drivers/CMSIS/Include/cmsis_gcc.h ****  */
 123:Drivers/CMSIS/Include/cmsis_gcc.h **** 
 124:Drivers/CMSIS/Include/cmsis_gcc.h **** /**
 125:Drivers/CMSIS/Include/cmsis_gcc.h ****   \brief   Enable IRQ Interrupts
ARM GAS  /tmp/ccxCkZX4.s 			page 9


 126:Drivers/CMSIS/Include/cmsis_gcc.h ****   \details Enables IRQ interrupts by clearing the I-bit in the CPSR.
 127:Drivers/CMSIS/Include/cmsis_gcc.h ****            Can only be executed in Privileged modes.
 128:Drivers/CMSIS/Include/cmsis_gcc.h ****  */
 129:Drivers/CMSIS/Include/cmsis_gcc.h **** __STATIC_FORCEINLINE void __enable_irq(void)
 130:Drivers/CMSIS/Include/cmsis_gcc.h **** {
 131:Drivers/CMSIS/Include/cmsis_gcc.h ****   __ASM volatile ("cpsie i" : : : "memory");
 132:Drivers/CMSIS/Include/cmsis_gcc.h **** }
 133:Drivers/CMSIS/Include/cmsis_gcc.h **** 
 134:Drivers/CMSIS/Include/cmsis_gcc.h **** 
 135:Drivers/CMSIS/Include/cmsis_gcc.h **** /**
 136:Drivers/CMSIS/Include/cmsis_gcc.h ****   \brief   Disable IRQ Interrupts
 137:Drivers/CMSIS/Include/cmsis_gcc.h ****   \details Disables IRQ interrupts by setting the I-bit in the CPSR.
 138:Drivers/CMSIS/Include/cmsis_gcc.h ****            Can only be executed in Privileged modes.
 139:Drivers/CMSIS/Include/cmsis_gcc.h ****  */
 140:Drivers/CMSIS/Include/cmsis_gcc.h **** __STATIC_FORCEINLINE void __disable_irq(void)
 121              		.loc 2 140 27 view .LVU31
 122              	.LBB5:
 141:Drivers/CMSIS/Include/cmsis_gcc.h **** {
 142:Drivers/CMSIS/Include/cmsis_gcc.h ****   __ASM volatile ("cpsid i" : : : "memory");
 123              		.loc 2 142 3 view .LVU32
 124              		.syntax unified
 125              	@ 142 "Drivers/CMSIS/Include/cmsis_gcc.h" 1
 126 0000 72B6     		cpsid i
 127              	@ 0 "" 2
 128              		.thumb
 129              		.syntax unified
 130              	.L4:
 131              	.LBE5:
 132              	.LBE4:
 215:Core/Src/main.c ****   while (1) {
 133              		.loc 1 215 3 view .LVU33
 216:Core/Src/main.c ****   }
 134              		.loc 1 216 3 view .LVU34
 215:Core/Src/main.c ****   while (1) {
 135              		.loc 1 215 9 view .LVU35
 136 0002 FEE7     		b	.L4
 137              		.cfi_endproc
 138              	.LFE144:
 140              		.section	.text.SystemClock_Config,"ax",%progbits
 141              		.align	1
 142              		.global	SystemClock_Config
 143              		.syntax unified
 144              		.thumb
 145              		.thumb_func
 147              	SystemClock_Config:
 148              	.LFB142:
 121:Core/Src/main.c ****   RCC_OscInitTypeDef RCC_OscInitStruct = {0};
 149              		.loc 1 121 1 view -0
 150              		.cfi_startproc
 151              		@ args = 0, pretend = 0, frame = 80
 152              		@ frame_needed = 0, uses_anonymous_args = 0
 153 0000 00B5     		push	{lr}
 154              	.LCFI3:
 155              		.cfi_def_cfa_offset 4
 156              		.cfi_offset 14, -4
 157 0002 95B0     		sub	sp, sp, #84
 158              	.LCFI4:
ARM GAS  /tmp/ccxCkZX4.s 			page 10


 159              		.cfi_def_cfa_offset 88
 122:Core/Src/main.c ****   RCC_ClkInitTypeDef RCC_ClkInitStruct = {0};
 160              		.loc 1 122 3 view .LVU37
 122:Core/Src/main.c ****   RCC_ClkInitTypeDef RCC_ClkInitStruct = {0};
 161              		.loc 1 122 22 is_stmt 0 view .LVU38
 162 0004 3422     		movs	r2, #52
 163 0006 0021     		movs	r1, #0
 164 0008 07A8     		add	r0, sp, #28
 165 000a FFF7FEFF 		bl	memset
 166              	.LVL3:
 123:Core/Src/main.c **** 
 167              		.loc 1 123 3 is_stmt 1 view .LVU39
 123:Core/Src/main.c **** 
 168              		.loc 1 123 22 is_stmt 0 view .LVU40
 169 000e 0023     		movs	r3, #0
 170 0010 0293     		str	r3, [sp, #8]
 171 0012 0393     		str	r3, [sp, #12]
 172 0014 0493     		str	r3, [sp, #16]
 173 0016 0593     		str	r3, [sp, #20]
 174 0018 0693     		str	r3, [sp, #24]
 127:Core/Src/main.c **** 
 175              		.loc 1 127 3 is_stmt 1 view .LVU41
 176 001a FFF7FEFF 		bl	HAL_PWR_EnableBkUpAccess
 177              	.LVL4:
 131:Core/Src/main.c ****   __HAL_PWR_VOLTAGESCALING_CONFIG(PWR_REGULATOR_VOLTAGE_SCALE3);
 178              		.loc 1 131 3 view .LVU42
 179              	.LBB6:
 131:Core/Src/main.c ****   __HAL_PWR_VOLTAGESCALING_CONFIG(PWR_REGULATOR_VOLTAGE_SCALE3);
 180              		.loc 1 131 3 view .LVU43
 131:Core/Src/main.c ****   __HAL_PWR_VOLTAGESCALING_CONFIG(PWR_REGULATOR_VOLTAGE_SCALE3);
 181              		.loc 1 131 3 view .LVU44
 182 001e 234B     		ldr	r3, .L13
 183 0020 1A6C     		ldr	r2, [r3, #64]
 184 0022 42F08052 		orr	r2, r2, #268435456
 185 0026 1A64     		str	r2, [r3, #64]
 131:Core/Src/main.c ****   __HAL_PWR_VOLTAGESCALING_CONFIG(PWR_REGULATOR_VOLTAGE_SCALE3);
 186              		.loc 1 131 3 view .LVU45
 187 0028 1B6C     		ldr	r3, [r3, #64]
 188 002a 03F08053 		and	r3, r3, #268435456
 189 002e 0093     		str	r3, [sp]
 131:Core/Src/main.c ****   __HAL_PWR_VOLTAGESCALING_CONFIG(PWR_REGULATOR_VOLTAGE_SCALE3);
 190              		.loc 1 131 3 view .LVU46
 191 0030 009B     		ldr	r3, [sp]
 192              	.LBE6:
 131:Core/Src/main.c ****   __HAL_PWR_VOLTAGESCALING_CONFIG(PWR_REGULATOR_VOLTAGE_SCALE3);
 193              		.loc 1 131 3 view .LVU47
 132:Core/Src/main.c **** 
 194              		.loc 1 132 3 view .LVU48
 195              	.LBB7:
 132:Core/Src/main.c **** 
 196              		.loc 1 132 3 view .LVU49
 132:Core/Src/main.c **** 
 197              		.loc 1 132 3 view .LVU50
 198 0032 1F4A     		ldr	r2, .L13+4
 199 0034 1368     		ldr	r3, [r2]
 200 0036 23F44043 		bic	r3, r3, #49152
 201 003a 43F48043 		orr	r3, r3, #16384
ARM GAS  /tmp/ccxCkZX4.s 			page 11


 202 003e 1360     		str	r3, [r2]
 132:Core/Src/main.c **** 
 203              		.loc 1 132 3 view .LVU51
 204 0040 1368     		ldr	r3, [r2]
 205 0042 03F44043 		and	r3, r3, #49152
 206 0046 0193     		str	r3, [sp, #4]
 132:Core/Src/main.c **** 
 207              		.loc 1 132 3 view .LVU52
 208 0048 019B     		ldr	r3, [sp, #4]
 209              	.LBE7:
 132:Core/Src/main.c **** 
 210              		.loc 1 132 3 view .LVU53
 137:Core/Src/main.c ****   RCC_OscInitStruct.HSEState = RCC_HSE_BYPASS;
 211              		.loc 1 137 3 view .LVU54
 137:Core/Src/main.c ****   RCC_OscInitStruct.HSEState = RCC_HSE_BYPASS;
 212              		.loc 1 137 36 is_stmt 0 view .LVU55
 213 004a 0123     		movs	r3, #1
 214 004c 0793     		str	r3, [sp, #28]
 138:Core/Src/main.c ****   RCC_OscInitStruct.PLL.PLLState = RCC_PLL_ON;
 215              		.loc 1 138 3 is_stmt 1 view .LVU56
 138:Core/Src/main.c ****   RCC_OscInitStruct.PLL.PLLState = RCC_PLL_ON;
 216              		.loc 1 138 30 is_stmt 0 view .LVU57
 217 004e 4FF4A023 		mov	r3, #327680
 218 0052 0893     		str	r3, [sp, #32]
 139:Core/Src/main.c ****   RCC_OscInitStruct.PLL.PLLSource = RCC_PLLSOURCE_HSE;
 219              		.loc 1 139 3 is_stmt 1 view .LVU58
 139:Core/Src/main.c ****   RCC_OscInitStruct.PLL.PLLSource = RCC_PLLSOURCE_HSE;
 220              		.loc 1 139 34 is_stmt 0 view .LVU59
 221 0054 0223     		movs	r3, #2
 222 0056 0D93     		str	r3, [sp, #52]
 140:Core/Src/main.c ****   RCC_OscInitStruct.PLL.PLLM = 4;
 223              		.loc 1 140 3 is_stmt 1 view .LVU60
 140:Core/Src/main.c ****   RCC_OscInitStruct.PLL.PLLM = 4;
 224              		.loc 1 140 35 is_stmt 0 view .LVU61
 225 0058 4FF48002 		mov	r2, #4194304
 226 005c 0E92     		str	r2, [sp, #56]
 141:Core/Src/main.c ****   RCC_OscInitStruct.PLL.PLLN = 96;
 227              		.loc 1 141 3 is_stmt 1 view .LVU62
 141:Core/Src/main.c ****   RCC_OscInitStruct.PLL.PLLN = 96;
 228              		.loc 1 141 30 is_stmt 0 view .LVU63
 229 005e 0422     		movs	r2, #4
 230 0060 0F92     		str	r2, [sp, #60]
 142:Core/Src/main.c ****   RCC_OscInitStruct.PLL.PLLP = RCC_PLLP_DIV2;
 231              		.loc 1 142 3 is_stmt 1 view .LVU64
 142:Core/Src/main.c ****   RCC_OscInitStruct.PLL.PLLP = RCC_PLLP_DIV2;
 232              		.loc 1 142 30 is_stmt 0 view .LVU65
 233 0062 6021     		movs	r1, #96
 234 0064 1091     		str	r1, [sp, #64]
 143:Core/Src/main.c ****   RCC_OscInitStruct.PLL.PLLQ = 4;
 235              		.loc 1 143 3 is_stmt 1 view .LVU66
 143:Core/Src/main.c ****   RCC_OscInitStruct.PLL.PLLQ = 4;
 236              		.loc 1 143 30 is_stmt 0 view .LVU67
 237 0066 1193     		str	r3, [sp, #68]
 144:Core/Src/main.c ****   RCC_OscInitStruct.PLL.PLLR = 2;
 238              		.loc 1 144 3 is_stmt 1 view .LVU68
 144:Core/Src/main.c ****   RCC_OscInitStruct.PLL.PLLR = 2;
 239              		.loc 1 144 30 is_stmt 0 view .LVU69
ARM GAS  /tmp/ccxCkZX4.s 			page 12


 240 0068 1292     		str	r2, [sp, #72]
 145:Core/Src/main.c ****   if (HAL_RCC_OscConfig(&RCC_OscInitStruct) != HAL_OK)
 241              		.loc 1 145 3 is_stmt 1 view .LVU70
 145:Core/Src/main.c ****   if (HAL_RCC_OscConfig(&RCC_OscInitStruct) != HAL_OK)
 242              		.loc 1 145 30 is_stmt 0 view .LVU71
 243 006a 1393     		str	r3, [sp, #76]
 146:Core/Src/main.c ****   {
 244              		.loc 1 146 3 is_stmt 1 view .LVU72
 146:Core/Src/main.c ****   {
 245              		.loc 1 146 7 is_stmt 0 view .LVU73
 246 006c 07A8     		add	r0, sp, #28
 247 006e FFF7FEFF 		bl	HAL_RCC_OscConfig
 248              	.LVL5:
 146:Core/Src/main.c ****   {
 249              		.loc 1 146 6 discriminator 1 view .LVU74
 250 0072 A0B9     		cbnz	r0, .L10
 153:Core/Src/main.c ****   {
 251              		.loc 1 153 3 is_stmt 1 view .LVU75
 153:Core/Src/main.c ****   {
 252              		.loc 1 153 7 is_stmt 0 view .LVU76
 253 0074 FFF7FEFF 		bl	HAL_PWREx_EnableOverDrive
 254              	.LVL6:
 153:Core/Src/main.c ****   {
 255              		.loc 1 153 6 discriminator 1 view .LVU77
 256 0078 98B9     		cbnz	r0, .L11
 160:Core/Src/main.c ****                               |RCC_CLOCKTYPE_PCLK1|RCC_CLOCKTYPE_PCLK2;
 257              		.loc 1 160 3 is_stmt 1 view .LVU78
 160:Core/Src/main.c ****                               |RCC_CLOCKTYPE_PCLK1|RCC_CLOCKTYPE_PCLK2;
 258              		.loc 1 160 31 is_stmt 0 view .LVU79
 259 007a 0F23     		movs	r3, #15
 260 007c 0293     		str	r3, [sp, #8]
 162:Core/Src/main.c ****   RCC_ClkInitStruct.AHBCLKDivider = RCC_SYSCLK_DIV1;
 261              		.loc 1 162 3 is_stmt 1 view .LVU80
 162:Core/Src/main.c ****   RCC_ClkInitStruct.AHBCLKDivider = RCC_SYSCLK_DIV1;
 262              		.loc 1 162 34 is_stmt 0 view .LVU81
 263 007e 0223     		movs	r3, #2
 264 0080 0393     		str	r3, [sp, #12]
 163:Core/Src/main.c ****   RCC_ClkInitStruct.APB1CLKDivider = RCC_HCLK_DIV2;
 265              		.loc 1 163 3 is_stmt 1 view .LVU82
 163:Core/Src/main.c ****   RCC_ClkInitStruct.APB1CLKDivider = RCC_HCLK_DIV2;
 266              		.loc 1 163 35 is_stmt 0 view .LVU83
 267 0082 0023     		movs	r3, #0
 268 0084 0493     		str	r3, [sp, #16]
 164:Core/Src/main.c ****   RCC_ClkInitStruct.APB2CLKDivider = RCC_HCLK_DIV1;
 269              		.loc 1 164 3 is_stmt 1 view .LVU84
 164:Core/Src/main.c ****   RCC_ClkInitStruct.APB2CLKDivider = RCC_HCLK_DIV1;
 270              		.loc 1 164 36 is_stmt 0 view .LVU85
 271 0086 4FF48052 		mov	r2, #4096
 272 008a 0592     		str	r2, [sp, #20]
 165:Core/Src/main.c **** 
 273              		.loc 1 165 3 is_stmt 1 view .LVU86
 165:Core/Src/main.c **** 
 274              		.loc 1 165 36 is_stmt 0 view .LVU87
 275 008c 0693     		str	r3, [sp, #24]
 167:Core/Src/main.c ****   {
 276              		.loc 1 167 3 is_stmt 1 view .LVU88
 167:Core/Src/main.c ****   {
ARM GAS  /tmp/ccxCkZX4.s 			page 13


 277              		.loc 1 167 7 is_stmt 0 view .LVU89
 278 008e 0321     		movs	r1, #3
 279 0090 02A8     		add	r0, sp, #8
 280 0092 FFF7FEFF 		bl	HAL_RCC_ClockConfig
 281              	.LVL7:
 167:Core/Src/main.c ****   {
 282              		.loc 1 167 6 discriminator 1 view .LVU90
 283 0096 30B9     		cbnz	r0, .L12
 171:Core/Src/main.c **** 
 284              		.loc 1 171 1 view .LVU91
 285 0098 15B0     		add	sp, sp, #84
 286              	.LCFI5:
 287              		.cfi_remember_state
 288              		.cfi_def_cfa_offset 4
 289              		@ sp needed
 290 009a 5DF804FB 		ldr	pc, [sp], #4
 291              	.L10:
 292              	.LCFI6:
 293              		.cfi_restore_state
 148:Core/Src/main.c ****   }
 294              		.loc 1 148 5 is_stmt 1 view .LVU92
 295 009e FFF7FEFF 		bl	Error_Handler
 296              	.LVL8:
 297              	.L11:
 155:Core/Src/main.c ****   }
 298              		.loc 1 155 5 view .LVU93
 299 00a2 FFF7FEFF 		bl	Error_Handler
 300              	.LVL9:
 301              	.L12:
 169:Core/Src/main.c ****   }
 302              		.loc 1 169 5 view .LVU94
 303 00a6 FFF7FEFF 		bl	Error_Handler
 304              	.LVL10:
 305              	.L14:
 306 00aa 00BF     		.align	2
 307              	.L13:
 308 00ac 00380240 		.word	1073887232
 309 00b0 00700040 		.word	1073770496
 310              		.cfi_endproc
 311              	.LFE142:
 313              		.section	.text.main,"ax",%progbits
 314              		.align	1
 315              		.global	main
 316              		.syntax unified
 317              		.thumb
 318              		.thumb_func
 320              	main:
 321              	.LFB141:
  70:Core/Src/main.c **** 
 322              		.loc 1 70 1 view -0
 323              		.cfi_startproc
 324              		@ Volatile: function does not return.
 325              		@ args = 0, pretend = 0, frame = 0
 326              		@ frame_needed = 0, uses_anonymous_args = 0
 327 0000 08B5     		push	{r3, lr}
 328              	.LCFI7:
 329              		.cfi_def_cfa_offset 8
ARM GAS  /tmp/ccxCkZX4.s 			page 14


 330              		.cfi_offset 3, -8
 331              		.cfi_offset 14, -4
  77:Core/Src/main.c **** 
 332              		.loc 1 77 3 view .LVU96
 333 0002 FFF7FEFF 		bl	MPU_Config
 334              	.LVL11:
  82:Core/Src/main.c **** 
 335              		.loc 1 82 3 view .LVU97
 336 0006 FFF7FEFF 		bl	HAL_Init
 337              	.LVL12:
  89:Core/Src/main.c **** 
 338              		.loc 1 89 3 view .LVU98
 339 000a FFF7FEFF 		bl	SystemClock_Config
 340              	.LVL13:
  96:Core/Src/main.c ****   MX_ETH_Init();
 341              		.loc 1 96 3 view .LVU99
 342 000e FFF7FEFF 		bl	MX_GPIO_Init
 343              	.LVL14:
  97:Core/Src/main.c ****   MX_USART3_UART_Init();
 344              		.loc 1 97 3 view .LVU100
 345 0012 FFF7FEFF 		bl	MX_ETH_Init
 346              	.LVL15:
  98:Core/Src/main.c ****   MX_USB_OTG_FS_PCD_Init();
 347              		.loc 1 98 3 view .LVU101
 348 0016 FFF7FEFF 		bl	MX_USART3_UART_Init
 349              	.LVL16:
  99:Core/Src/main.c ****   MX_CAN1_Init();
 350              		.loc 1 99 3 view .LVU102
 351 001a FFF7FEFF 		bl	MX_USB_OTG_FS_PCD_Init
 352              	.LVL17:
 100:Core/Src/main.c ****   /* USER CODE BEGIN 2 */
 353              		.loc 1 100 3 view .LVU103
 354 001e FFF7FEFF 		bl	MX_CAN1_Init
 355              	.LVL18:
 356              	.L16:
 107:Core/Src/main.c **** 
 357              		.loc 1 107 3 view .LVU104
 112:Core/Src/main.c ****   /* USER CODE END 3 */
 358              		.loc 1 112 3 view .LVU105
 107:Core/Src/main.c **** 
 359              		.loc 1 107 9 view .LVU106
 360 0022 FEE7     		b	.L16
 361              		.cfi_endproc
 362              	.LFE141:
 364              		.text
 365              	.Letext0:
 366              		.file 3 "/usr/lib/gcc/arm-none-eabi/13.2.1/include/stdint.h"
 367              		.file 4 "Drivers/CMSIS/Device/ST/STM32F7xx/Include/stm32f767xx.h"
 368              		.file 5 "Drivers/STM32F7xx_HAL_Driver/Inc/stm32f7xx_hal_def.h"
 369              		.file 6 "Drivers/STM32F7xx_HAL_Driver/Inc/stm32f7xx_hal_rcc_ex.h"
 370              		.file 7 "Drivers/STM32F7xx_HAL_Driver/Inc/stm32f7xx_hal_rcc.h"
 371              		.file 8 "Drivers/STM32F7xx_HAL_Driver/Inc/stm32f7xx_hal_cortex.h"
 372              		.file 9 "Drivers/STM32F7xx_HAL_Driver/Inc/stm32f7xx_hal_pwr.h"
 373              		.file 10 "Core/Inc/can.h"
 374              		.file 11 "Core/Inc/usb_otg.h"
 375              		.file 12 "Core/Inc/usart.h"
 376              		.file 13 "Core/Inc/eth.h"
ARM GAS  /tmp/ccxCkZX4.s 			page 15


 377              		.file 14 "Core/Inc/gpio.h"
 378              		.file 15 "Drivers/STM32F7xx_HAL_Driver/Inc/stm32f7xx_hal_pwr_ex.h"
 379              		.file 16 "Drivers/STM32F7xx_HAL_Driver/Inc/stm32f7xx_hal.h"
 380              		.file 17 "<built-in>"
ARM GAS  /tmp/ccxCkZX4.s 			page 16


DEFINED SYMBOLS
                            *ABS*:00000000 main.c
     /tmp/ccxCkZX4.s:20     .text.MPU_Config:00000000 $t
     /tmp/ccxCkZX4.s:25     .text.MPU_Config:00000000 MPU_Config
     /tmp/ccxCkZX4.s:103    .text.Error_Handler:00000000 $t
     /tmp/ccxCkZX4.s:109    .text.Error_Handler:00000000 Error_Handler
     /tmp/ccxCkZX4.s:141    .text.SystemClock_Config:00000000 $t
     /tmp/ccxCkZX4.s:147    .text.SystemClock_Config:00000000 SystemClock_Config
     /tmp/ccxCkZX4.s:308    .text.SystemClock_Config:000000ac $d
     /tmp/ccxCkZX4.s:314    .text.main:00000000 $t
     /tmp/ccxCkZX4.s:320    .text.main:00000000 main

UNDEFINED SYMBOLS
HAL_MPU_Disable
HAL_MPU_ConfigRegion
HAL_MPU_Enable
memset
HAL_PWR_EnableBkUpAccess
HAL_RCC_OscConfig
HAL_PWREx_EnableOverDrive
HAL_RCC_ClockConfig
HAL_Init
MX_GPIO_Init
MX_ETH_Init
MX_USART3_UART_Init
MX_USB_OTG_FS_PCD_Init
MX_CAN1_Init
