ARM GAS  /tmp/ccZ2ez8v.s 			page 1


   1              		.cpu cortex-m7
   2              		.arch armv7e-m
   3              		.fpu fpv5-d16
   4              		.eabi_attribute 28, 1
   5              		.eabi_attribute 20, 1
   6              		.eabi_attribute 21, 1
   7              		.eabi_attribute 23, 3
   8              		.eabi_attribute 24, 1
   9              		.eabi_attribute 25, 1
  10              		.eabi_attribute 26, 1
  11              		.eabi_attribute 30, 1
  12              		.eabi_attribute 34, 1
  13              		.eabi_attribute 18, 4
  14              		.file	"usb_otg.c"
  15              		.text
  16              	.Ltext0:
  17              		.cfi_sections	.debug_frame
  18              		.file 1 "Core/Src/usb_otg.c"
  19              		.section	.text.MX_USB_OTG_FS_PCD_Init,"ax",%progbits
  20              		.align	1
  21              		.global	MX_USB_OTG_FS_PCD_Init
  22              		.syntax unified
  23              		.thumb
  24              		.thumb_func
  26              	MX_USB_OTG_FS_PCD_Init:
  27              	.LFB141:
   1:Core/Src/usb_otg.c **** /* USER CODE BEGIN Header */
   2:Core/Src/usb_otg.c **** /**
   3:Core/Src/usb_otg.c ****   ******************************************************************************
   4:Core/Src/usb_otg.c ****   * @file    usb_otg.c
   5:Core/Src/usb_otg.c ****   * @brief   This file provides code for the configuration
   6:Core/Src/usb_otg.c ****   *          of the USB_OTG instances.
   7:Core/Src/usb_otg.c ****   ******************************************************************************
   8:Core/Src/usb_otg.c ****   * @attention
   9:Core/Src/usb_otg.c ****   *
  10:Core/Src/usb_otg.c ****   * Copyright (c) 2025 STMicroelectronics.
  11:Core/Src/usb_otg.c ****   * All rights reserved.
  12:Core/Src/usb_otg.c ****   *
  13:Core/Src/usb_otg.c ****   * This software is licensed under terms that can be found in the LICENSE file
  14:Core/Src/usb_otg.c ****   * in the root directory of this software component.
  15:Core/Src/usb_otg.c ****   * If no LICENSE file comes with this software, it is provided AS-IS.
  16:Core/Src/usb_otg.c ****   *
  17:Core/Src/usb_otg.c ****   ******************************************************************************
  18:Core/Src/usb_otg.c ****   */
  19:Core/Src/usb_otg.c **** /* USER CODE END Header */
  20:Core/Src/usb_otg.c **** /* Includes ------------------------------------------------------------------*/
  21:Core/Src/usb_otg.c **** #include "usb_otg.h"
  22:Core/Src/usb_otg.c **** 
  23:Core/Src/usb_otg.c **** /* USER CODE BEGIN 0 */
  24:Core/Src/usb_otg.c **** 
  25:Core/Src/usb_otg.c **** /* USER CODE END 0 */
  26:Core/Src/usb_otg.c **** 
  27:Core/Src/usb_otg.c **** PCD_HandleTypeDef hpcd_USB_OTG_FS;
  28:Core/Src/usb_otg.c **** 
  29:Core/Src/usb_otg.c **** /* USB_OTG_FS init function */
  30:Core/Src/usb_otg.c **** 
  31:Core/Src/usb_otg.c **** void MX_USB_OTG_FS_PCD_Init(void)
ARM GAS  /tmp/ccZ2ez8v.s 			page 2


  32:Core/Src/usb_otg.c **** {
  28              		.loc 1 32 1 view -0
  29              		.cfi_startproc
  30              		@ args = 0, pretend = 0, frame = 0
  31              		@ frame_needed = 0, uses_anonymous_args = 0
  32 0000 08B5     		push	{r3, lr}
  33              	.LCFI0:
  34              		.cfi_def_cfa_offset 8
  35              		.cfi_offset 3, -8
  36              		.cfi_offset 14, -4
  33:Core/Src/usb_otg.c **** 
  34:Core/Src/usb_otg.c ****   /* USER CODE BEGIN USB_OTG_FS_Init 0 */
  35:Core/Src/usb_otg.c **** 
  36:Core/Src/usb_otg.c ****   /* USER CODE END USB_OTG_FS_Init 0 */
  37:Core/Src/usb_otg.c **** 
  38:Core/Src/usb_otg.c ****   /* USER CODE BEGIN USB_OTG_FS_Init 1 */
  39:Core/Src/usb_otg.c **** 
  40:Core/Src/usb_otg.c ****   /* USER CODE END USB_OTG_FS_Init 1 */
  41:Core/Src/usb_otg.c ****   hpcd_USB_OTG_FS.Instance = USB_OTG_FS;
  37              		.loc 1 41 3 view .LVU1
  38              		.loc 1 41 28 is_stmt 0 view .LVU2
  39 0002 0C48     		ldr	r0, .L5
  40 0004 4FF0A043 		mov	r3, #1342177280
  41 0008 0360     		str	r3, [r0]
  42:Core/Src/usb_otg.c ****   hpcd_USB_OTG_FS.Init.dev_endpoints = 6;
  42              		.loc 1 42 3 is_stmt 1 view .LVU3
  43              		.loc 1 42 38 is_stmt 0 view .LVU4
  44 000a 0623     		movs	r3, #6
  45 000c 0371     		strb	r3, [r0, #4]
  43:Core/Src/usb_otg.c ****   hpcd_USB_OTG_FS.Init.speed = PCD_SPEED_FULL;
  46              		.loc 1 43 3 is_stmt 1 view .LVU5
  47              		.loc 1 43 30 is_stmt 0 view .LVU6
  48 000e 0222     		movs	r2, #2
  49 0010 C271     		strb	r2, [r0, #7]
  44:Core/Src/usb_otg.c ****   hpcd_USB_OTG_FS.Init.dma_enable = DISABLE;
  50              		.loc 1 44 3 is_stmt 1 view .LVU7
  51              		.loc 1 44 35 is_stmt 0 view .LVU8
  52 0012 0023     		movs	r3, #0
  53 0014 8371     		strb	r3, [r0, #6]
  45:Core/Src/usb_otg.c ****   hpcd_USB_OTG_FS.Init.phy_itface = PCD_PHY_EMBEDDED;
  54              		.loc 1 45 3 is_stmt 1 view .LVU9
  55              		.loc 1 45 35 is_stmt 0 view .LVU10
  56 0016 4272     		strb	r2, [r0, #9]
  46:Core/Src/usb_otg.c ****   hpcd_USB_OTG_FS.Init.Sof_enable = ENABLE;
  57              		.loc 1 46 3 is_stmt 1 view .LVU11
  58              		.loc 1 46 35 is_stmt 0 view .LVU12
  59 0018 0122     		movs	r2, #1
  60 001a 8272     		strb	r2, [r0, #10]
  47:Core/Src/usb_otg.c ****   hpcd_USB_OTG_FS.Init.low_power_enable = DISABLE;
  61              		.loc 1 47 3 is_stmt 1 view .LVU13
  62              		.loc 1 47 41 is_stmt 0 view .LVU14
  63 001c C372     		strb	r3, [r0, #11]
  48:Core/Src/usb_otg.c ****   hpcd_USB_OTG_FS.Init.lpm_enable = DISABLE;
  64              		.loc 1 48 3 is_stmt 1 view .LVU15
  65              		.loc 1 48 35 is_stmt 0 view .LVU16
  66 001e 0373     		strb	r3, [r0, #12]
  49:Core/Src/usb_otg.c ****   hpcd_USB_OTG_FS.Init.vbus_sensing_enable = ENABLE;
ARM GAS  /tmp/ccZ2ez8v.s 			page 3


  67              		.loc 1 49 3 is_stmt 1 view .LVU17
  68              		.loc 1 49 44 is_stmt 0 view .LVU18
  69 0020 8273     		strb	r2, [r0, #14]
  50:Core/Src/usb_otg.c ****   hpcd_USB_OTG_FS.Init.use_dedicated_ep1 = DISABLE;
  70              		.loc 1 50 3 is_stmt 1 view .LVU19
  71              		.loc 1 50 42 is_stmt 0 view .LVU20
  72 0022 C373     		strb	r3, [r0, #15]
  51:Core/Src/usb_otg.c ****   if (HAL_PCD_Init(&hpcd_USB_OTG_FS) != HAL_OK)
  73              		.loc 1 51 3 is_stmt 1 view .LVU21
  74              		.loc 1 51 7 is_stmt 0 view .LVU22
  75 0024 FFF7FEFF 		bl	HAL_PCD_Init
  76              	.LVL0:
  77              		.loc 1 51 6 discriminator 1 view .LVU23
  78 0028 00B9     		cbnz	r0, .L4
  79              	.L1:
  52:Core/Src/usb_otg.c ****   {
  53:Core/Src/usb_otg.c ****     Error_Handler();
  54:Core/Src/usb_otg.c ****   }
  55:Core/Src/usb_otg.c ****   /* USER CODE BEGIN USB_OTG_FS_Init 2 */
  56:Core/Src/usb_otg.c **** 
  57:Core/Src/usb_otg.c ****   /* USER CODE END USB_OTG_FS_Init 2 */
  58:Core/Src/usb_otg.c **** 
  59:Core/Src/usb_otg.c **** }
  80              		.loc 1 59 1 view .LVU24
  81 002a 08BD     		pop	{r3, pc}
  82              	.L4:
  53:Core/Src/usb_otg.c ****   }
  83              		.loc 1 53 5 is_stmt 1 view .LVU25
  84 002c FFF7FEFF 		bl	Error_Handler
  85              	.LVL1:
  86              		.loc 1 59 1 is_stmt 0 view .LVU26
  87 0030 FBE7     		b	.L1
  88              	.L6:
  89 0032 00BF     		.align	2
  90              	.L5:
  91 0034 00000000 		.word	hpcd_USB_OTG_FS
  92              		.cfi_endproc
  93              	.LFE141:
  95              		.section	.text.HAL_PCD_MspInit,"ax",%progbits
  96              		.align	1
  97              		.global	HAL_PCD_MspInit
  98              		.syntax unified
  99              		.thumb
 100              		.thumb_func
 102              	HAL_PCD_MspInit:
 103              	.LVL2:
 104              	.LFB142:
  60:Core/Src/usb_otg.c **** 
  61:Core/Src/usb_otg.c **** void HAL_PCD_MspInit(PCD_HandleTypeDef* pcdHandle)
  62:Core/Src/usb_otg.c **** {
 105              		.loc 1 62 1 is_stmt 1 view -0
 106              		.cfi_startproc
 107              		@ args = 0, pretend = 0, frame = 176
 108              		@ frame_needed = 0, uses_anonymous_args = 0
 109              		.loc 1 62 1 is_stmt 0 view .LVU28
 110 0000 70B5     		push	{r4, r5, r6, lr}
 111              	.LCFI1:
ARM GAS  /tmp/ccZ2ez8v.s 			page 4


 112              		.cfi_def_cfa_offset 16
 113              		.cfi_offset 4, -16
 114              		.cfi_offset 5, -12
 115              		.cfi_offset 6, -8
 116              		.cfi_offset 14, -4
 117 0002 ACB0     		sub	sp, sp, #176
 118              	.LCFI2:
 119              		.cfi_def_cfa_offset 192
 120 0004 0446     		mov	r4, r0
  63:Core/Src/usb_otg.c **** 
  64:Core/Src/usb_otg.c ****   GPIO_InitTypeDef GPIO_InitStruct = {0};
 121              		.loc 1 64 3 is_stmt 1 view .LVU29
 122              		.loc 1 64 20 is_stmt 0 view .LVU30
 123 0006 0021     		movs	r1, #0
 124 0008 2791     		str	r1, [sp, #156]
 125 000a 2891     		str	r1, [sp, #160]
 126 000c 2991     		str	r1, [sp, #164]
 127 000e 2A91     		str	r1, [sp, #168]
 128 0010 2B91     		str	r1, [sp, #172]
  65:Core/Src/usb_otg.c ****   RCC_PeriphCLKInitTypeDef PeriphClkInitStruct = {0};
 129              		.loc 1 65 3 is_stmt 1 view .LVU31
 130              		.loc 1 65 28 is_stmt 0 view .LVU32
 131 0012 9022     		movs	r2, #144
 132 0014 03A8     		add	r0, sp, #12
 133              	.LVL3:
 134              		.loc 1 65 28 view .LVU33
 135 0016 FFF7FEFF 		bl	memset
 136              	.LVL4:
  66:Core/Src/usb_otg.c ****   if(pcdHandle->Instance==USB_OTG_FS)
 137              		.loc 1 66 3 is_stmt 1 view .LVU34
 138              		.loc 1 66 15 is_stmt 0 view .LVU35
 139 001a 2368     		ldr	r3, [r4]
 140              		.loc 1 66 5 view .LVU36
 141 001c B3F1A04F 		cmp	r3, #1342177280
 142 0020 01D0     		beq	.L11
 143              	.LVL5:
 144              	.L7:
  67:Core/Src/usb_otg.c ****   {
  68:Core/Src/usb_otg.c ****   /* USER CODE BEGIN USB_OTG_FS_MspInit 0 */
  69:Core/Src/usb_otg.c **** 
  70:Core/Src/usb_otg.c ****   /* USER CODE END USB_OTG_FS_MspInit 0 */
  71:Core/Src/usb_otg.c **** 
  72:Core/Src/usb_otg.c ****   /** Initializes the peripherals clock
  73:Core/Src/usb_otg.c ****   */
  74:Core/Src/usb_otg.c ****     PeriphClkInitStruct.PeriphClockSelection = RCC_PERIPHCLK_CLK48;
  75:Core/Src/usb_otg.c ****     PeriphClkInitStruct.Clk48ClockSelection = RCC_CLK48SOURCE_PLL;
  76:Core/Src/usb_otg.c ****     if (HAL_RCCEx_PeriphCLKConfig(&PeriphClkInitStruct) != HAL_OK)
  77:Core/Src/usb_otg.c ****     {
  78:Core/Src/usb_otg.c ****       Error_Handler();
  79:Core/Src/usb_otg.c ****     }
  80:Core/Src/usb_otg.c **** 
  81:Core/Src/usb_otg.c ****     __HAL_RCC_GPIOA_CLK_ENABLE();
  82:Core/Src/usb_otg.c ****     /**USB_OTG_FS GPIO Configuration
  83:Core/Src/usb_otg.c ****     PA8     ------> USB_OTG_FS_SOF
  84:Core/Src/usb_otg.c ****     PA9     ------> USB_OTG_FS_VBUS
  85:Core/Src/usb_otg.c ****     PA10     ------> USB_OTG_FS_ID
  86:Core/Src/usb_otg.c ****     PA11     ------> USB_OTG_FS_DM
ARM GAS  /tmp/ccZ2ez8v.s 			page 5


  87:Core/Src/usb_otg.c ****     PA12     ------> USB_OTG_FS_DP
  88:Core/Src/usb_otg.c ****     */
  89:Core/Src/usb_otg.c ****     GPIO_InitStruct.Pin = USB_SOF_Pin|USB_ID_Pin|USB_DM_Pin|USB_DP_Pin;
  90:Core/Src/usb_otg.c ****     GPIO_InitStruct.Mode = GPIO_MODE_AF_PP;
  91:Core/Src/usb_otg.c ****     GPIO_InitStruct.Pull = GPIO_NOPULL;
  92:Core/Src/usb_otg.c ****     GPIO_InitStruct.Speed = GPIO_SPEED_FREQ_VERY_HIGH;
  93:Core/Src/usb_otg.c ****     GPIO_InitStruct.Alternate = GPIO_AF10_OTG_FS;
  94:Core/Src/usb_otg.c ****     HAL_GPIO_Init(GPIOA, &GPIO_InitStruct);
  95:Core/Src/usb_otg.c **** 
  96:Core/Src/usb_otg.c ****     GPIO_InitStruct.Pin = USB_VBUS_Pin;
  97:Core/Src/usb_otg.c ****     GPIO_InitStruct.Mode = GPIO_MODE_INPUT;
  98:Core/Src/usb_otg.c ****     GPIO_InitStruct.Pull = GPIO_NOPULL;
  99:Core/Src/usb_otg.c ****     HAL_GPIO_Init(USB_VBUS_GPIO_Port, &GPIO_InitStruct);
 100:Core/Src/usb_otg.c **** 
 101:Core/Src/usb_otg.c ****     /* USB_OTG_FS clock enable */
 102:Core/Src/usb_otg.c ****     __HAL_RCC_USB_OTG_FS_CLK_ENABLE();
 103:Core/Src/usb_otg.c ****   /* USER CODE BEGIN USB_OTG_FS_MspInit 1 */
 104:Core/Src/usb_otg.c **** 
 105:Core/Src/usb_otg.c ****   /* USER CODE END USB_OTG_FS_MspInit 1 */
 106:Core/Src/usb_otg.c ****   }
 107:Core/Src/usb_otg.c **** }
 145              		.loc 1 107 1 view .LVU37
 146 0022 2CB0     		add	sp, sp, #176
 147              	.LCFI3:
 148              		.cfi_remember_state
 149              		.cfi_def_cfa_offset 16
 150              		@ sp needed
 151 0024 70BD     		pop	{r4, r5, r6, pc}
 152              	.LVL6:
 153              	.L11:
 154              	.LCFI4:
 155              		.cfi_restore_state
  74:Core/Src/usb_otg.c ****     PeriphClkInitStruct.Clk48ClockSelection = RCC_CLK48SOURCE_PLL;
 156              		.loc 1 74 5 is_stmt 1 view .LVU38
  74:Core/Src/usb_otg.c ****     PeriphClkInitStruct.Clk48ClockSelection = RCC_CLK48SOURCE_PLL;
 157              		.loc 1 74 46 is_stmt 0 view .LVU39
 158 0026 4FF40013 		mov	r3, #2097152
 159 002a 0393     		str	r3, [sp, #12]
  75:Core/Src/usb_otg.c ****     if (HAL_RCCEx_PeriphCLKConfig(&PeriphClkInitStruct) != HAL_OK)
 160              		.loc 1 75 5 is_stmt 1 view .LVU40
  76:Core/Src/usb_otg.c ****     {
 161              		.loc 1 76 5 view .LVU41
  76:Core/Src/usb_otg.c ****     {
 162              		.loc 1 76 9 is_stmt 0 view .LVU42
 163 002c 03A8     		add	r0, sp, #12
 164 002e FFF7FEFF 		bl	HAL_RCCEx_PeriphCLKConfig
 165              	.LVL7:
  76:Core/Src/usb_otg.c ****     {
 166              		.loc 1 76 8 discriminator 1 view .LVU43
 167 0032 0028     		cmp	r0, #0
 168 0034 35D1     		bne	.L12
 169              	.L9:
  81:Core/Src/usb_otg.c ****     /**USB_OTG_FS GPIO Configuration
 170              		.loc 1 81 5 is_stmt 1 view .LVU44
 171              	.LBB2:
  81:Core/Src/usb_otg.c ****     /**USB_OTG_FS GPIO Configuration
 172              		.loc 1 81 5 view .LVU45
ARM GAS  /tmp/ccZ2ez8v.s 			page 6


  81:Core/Src/usb_otg.c ****     /**USB_OTG_FS GPIO Configuration
 173              		.loc 1 81 5 view .LVU46
 174 0036 1C4C     		ldr	r4, .L13
 175              	.LVL8:
  81:Core/Src/usb_otg.c ****     /**USB_OTG_FS GPIO Configuration
 176              		.loc 1 81 5 is_stmt 0 view .LVU47
 177 0038 236B     		ldr	r3, [r4, #48]
 178 003a 43F00103 		orr	r3, r3, #1
 179 003e 2363     		str	r3, [r4, #48]
  81:Core/Src/usb_otg.c ****     /**USB_OTG_FS GPIO Configuration
 180              		.loc 1 81 5 is_stmt 1 view .LVU48
 181 0040 236B     		ldr	r3, [r4, #48]
 182 0042 03F00103 		and	r3, r3, #1
 183 0046 0093     		str	r3, [sp]
  81:Core/Src/usb_otg.c ****     /**USB_OTG_FS GPIO Configuration
 184              		.loc 1 81 5 view .LVU49
 185 0048 009B     		ldr	r3, [sp]
 186              	.LBE2:
  81:Core/Src/usb_otg.c ****     /**USB_OTG_FS GPIO Configuration
 187              		.loc 1 81 5 view .LVU50
  89:Core/Src/usb_otg.c ****     GPIO_InitStruct.Mode = GPIO_MODE_AF_PP;
 188              		.loc 1 89 5 view .LVU51
  89:Core/Src/usb_otg.c ****     GPIO_InitStruct.Mode = GPIO_MODE_AF_PP;
 189              		.loc 1 89 25 is_stmt 0 view .LVU52
 190 004a 4FF4E853 		mov	r3, #7424
 191 004e 2793     		str	r3, [sp, #156]
  90:Core/Src/usb_otg.c ****     GPIO_InitStruct.Pull = GPIO_NOPULL;
 192              		.loc 1 90 5 is_stmt 1 view .LVU53
  90:Core/Src/usb_otg.c ****     GPIO_InitStruct.Pull = GPIO_NOPULL;
 193              		.loc 1 90 26 is_stmt 0 view .LVU54
 194 0050 0223     		movs	r3, #2
 195 0052 2893     		str	r3, [sp, #160]
  91:Core/Src/usb_otg.c ****     GPIO_InitStruct.Speed = GPIO_SPEED_FREQ_VERY_HIGH;
 196              		.loc 1 91 5 is_stmt 1 view .LVU55
  91:Core/Src/usb_otg.c ****     GPIO_InitStruct.Speed = GPIO_SPEED_FREQ_VERY_HIGH;
 197              		.loc 1 91 26 is_stmt 0 view .LVU56
 198 0054 0025     		movs	r5, #0
 199 0056 2995     		str	r5, [sp, #164]
  92:Core/Src/usb_otg.c ****     GPIO_InitStruct.Alternate = GPIO_AF10_OTG_FS;
 200              		.loc 1 92 5 is_stmt 1 view .LVU57
  92:Core/Src/usb_otg.c ****     GPIO_InitStruct.Alternate = GPIO_AF10_OTG_FS;
 201              		.loc 1 92 27 is_stmt 0 view .LVU58
 202 0058 0323     		movs	r3, #3
 203 005a 2A93     		str	r3, [sp, #168]
  93:Core/Src/usb_otg.c ****     HAL_GPIO_Init(GPIOA, &GPIO_InitStruct);
 204              		.loc 1 93 5 is_stmt 1 view .LVU59
  93:Core/Src/usb_otg.c ****     HAL_GPIO_Init(GPIOA, &GPIO_InitStruct);
 205              		.loc 1 93 31 is_stmt 0 view .LVU60
 206 005c 0A23     		movs	r3, #10
 207 005e 2B93     		str	r3, [sp, #172]
  94:Core/Src/usb_otg.c **** 
 208              		.loc 1 94 5 is_stmt 1 view .LVU61
 209 0060 124E     		ldr	r6, .L13+4
 210 0062 27A9     		add	r1, sp, #156
 211 0064 3046     		mov	r0, r6
 212 0066 FFF7FEFF 		bl	HAL_GPIO_Init
 213              	.LVL9:
ARM GAS  /tmp/ccZ2ez8v.s 			page 7


  96:Core/Src/usb_otg.c ****     GPIO_InitStruct.Mode = GPIO_MODE_INPUT;
 214              		.loc 1 96 5 view .LVU62
  96:Core/Src/usb_otg.c ****     GPIO_InitStruct.Mode = GPIO_MODE_INPUT;
 215              		.loc 1 96 25 is_stmt 0 view .LVU63
 216 006a 4FF40073 		mov	r3, #512
 217 006e 2793     		str	r3, [sp, #156]
  97:Core/Src/usb_otg.c ****     GPIO_InitStruct.Pull = GPIO_NOPULL;
 218              		.loc 1 97 5 is_stmt 1 view .LVU64
  97:Core/Src/usb_otg.c ****     GPIO_InitStruct.Pull = GPIO_NOPULL;
 219              		.loc 1 97 26 is_stmt 0 view .LVU65
 220 0070 2895     		str	r5, [sp, #160]
  98:Core/Src/usb_otg.c ****     HAL_GPIO_Init(USB_VBUS_GPIO_Port, &GPIO_InitStruct);
 221              		.loc 1 98 5 is_stmt 1 view .LVU66
  98:Core/Src/usb_otg.c ****     HAL_GPIO_Init(USB_VBUS_GPIO_Port, &GPIO_InitStruct);
 222              		.loc 1 98 26 is_stmt 0 view .LVU67
 223 0072 2995     		str	r5, [sp, #164]
  99:Core/Src/usb_otg.c **** 
 224              		.loc 1 99 5 is_stmt 1 view .LVU68
 225 0074 27A9     		add	r1, sp, #156
 226 0076 3046     		mov	r0, r6
 227 0078 FFF7FEFF 		bl	HAL_GPIO_Init
 228              	.LVL10:
 102:Core/Src/usb_otg.c ****   /* USER CODE BEGIN USB_OTG_FS_MspInit 1 */
 229              		.loc 1 102 5 view .LVU69
 230              	.LBB3:
 102:Core/Src/usb_otg.c ****   /* USER CODE BEGIN USB_OTG_FS_MspInit 1 */
 231              		.loc 1 102 5 view .LVU70
 102:Core/Src/usb_otg.c ****   /* USER CODE BEGIN USB_OTG_FS_MspInit 1 */
 232              		.loc 1 102 5 view .LVU71
 233 007c 636B     		ldr	r3, [r4, #52]
 234 007e 43F08003 		orr	r3, r3, #128
 235 0082 6363     		str	r3, [r4, #52]
 102:Core/Src/usb_otg.c ****   /* USER CODE BEGIN USB_OTG_FS_MspInit 1 */
 236              		.loc 1 102 5 view .LVU72
 237 0084 636B     		ldr	r3, [r4, #52]
 238 0086 03F08003 		and	r3, r3, #128
 239 008a 0193     		str	r3, [sp, #4]
 102:Core/Src/usb_otg.c ****   /* USER CODE BEGIN USB_OTG_FS_MspInit 1 */
 240              		.loc 1 102 5 view .LVU73
 241 008c 019B     		ldr	r3, [sp, #4]
 102:Core/Src/usb_otg.c ****   /* USER CODE BEGIN USB_OTG_FS_MspInit 1 */
 242              		.loc 1 102 5 view .LVU74
 243              	.LBB4:
 102:Core/Src/usb_otg.c ****   /* USER CODE BEGIN USB_OTG_FS_MspInit 1 */
 244              		.loc 1 102 5 view .LVU75
 102:Core/Src/usb_otg.c ****   /* USER CODE BEGIN USB_OTG_FS_MspInit 1 */
 245              		.loc 1 102 5 view .LVU76
 246 008e 636C     		ldr	r3, [r4, #68]
 247 0090 43F48043 		orr	r3, r3, #16384
 248 0094 6364     		str	r3, [r4, #68]
 102:Core/Src/usb_otg.c ****   /* USER CODE BEGIN USB_OTG_FS_MspInit 1 */
 249              		.loc 1 102 5 view .LVU77
 250 0096 636C     		ldr	r3, [r4, #68]
 251 0098 03F48043 		and	r3, r3, #16384
 252 009c 0293     		str	r3, [sp, #8]
 102:Core/Src/usb_otg.c ****   /* USER CODE BEGIN USB_OTG_FS_MspInit 1 */
 253              		.loc 1 102 5 view .LVU78
ARM GAS  /tmp/ccZ2ez8v.s 			page 8


 254 009e 029B     		ldr	r3, [sp, #8]
 255              	.LBE4:
 102:Core/Src/usb_otg.c ****   /* USER CODE BEGIN USB_OTG_FS_MspInit 1 */
 256              		.loc 1 102 5 discriminator 1 view .LVU79
 257              	.LBE3:
 102:Core/Src/usb_otg.c ****   /* USER CODE BEGIN USB_OTG_FS_MspInit 1 */
 258              		.loc 1 102 5 discriminator 1 view .LVU80
 259              		.loc 1 107 1 is_stmt 0 view .LVU81
 260 00a0 BFE7     		b	.L7
 261              	.LVL11:
 262              	.L12:
  78:Core/Src/usb_otg.c ****     }
 263              		.loc 1 78 7 is_stmt 1 view .LVU82
 264 00a2 FFF7FEFF 		bl	Error_Handler
 265              	.LVL12:
 266 00a6 C6E7     		b	.L9
 267              	.L14:
 268              		.align	2
 269              	.L13:
 270 00a8 00380240 		.word	1073887232
 271 00ac 00000240 		.word	1073872896
 272              		.cfi_endproc
 273              	.LFE142:
 275              		.section	.text.HAL_PCD_MspDeInit,"ax",%progbits
 276              		.align	1
 277              		.global	HAL_PCD_MspDeInit
 278              		.syntax unified
 279              		.thumb
 280              		.thumb_func
 282              	HAL_PCD_MspDeInit:
 283              	.LVL13:
 284              	.LFB143:
 108:Core/Src/usb_otg.c **** 
 109:Core/Src/usb_otg.c **** void HAL_PCD_MspDeInit(PCD_HandleTypeDef* pcdHandle)
 110:Core/Src/usb_otg.c **** {
 285              		.loc 1 110 1 view -0
 286              		.cfi_startproc
 287              		@ args = 0, pretend = 0, frame = 0
 288              		@ frame_needed = 0, uses_anonymous_args = 0
 289              		.loc 1 110 1 is_stmt 0 view .LVU84
 290 0000 08B5     		push	{r3, lr}
 291              	.LCFI5:
 292              		.cfi_def_cfa_offset 8
 293              		.cfi_offset 3, -8
 294              		.cfi_offset 14, -4
 111:Core/Src/usb_otg.c **** 
 112:Core/Src/usb_otg.c ****   if(pcdHandle->Instance==USB_OTG_FS)
 295              		.loc 1 112 3 is_stmt 1 view .LVU85
 296              		.loc 1 112 15 is_stmt 0 view .LVU86
 297 0002 0368     		ldr	r3, [r0]
 298              		.loc 1 112 5 view .LVU87
 299 0004 B3F1A04F 		cmp	r3, #1342177280
 300 0008 00D0     		beq	.L18
 301              	.LVL14:
 302              	.L15:
 113:Core/Src/usb_otg.c ****   {
 114:Core/Src/usb_otg.c ****   /* USER CODE BEGIN USB_OTG_FS_MspDeInit 0 */
ARM GAS  /tmp/ccZ2ez8v.s 			page 9


 115:Core/Src/usb_otg.c **** 
 116:Core/Src/usb_otg.c ****   /* USER CODE END USB_OTG_FS_MspDeInit 0 */
 117:Core/Src/usb_otg.c ****     /* Peripheral clock disable */
 118:Core/Src/usb_otg.c ****     __HAL_RCC_USB_OTG_FS_CLK_DISABLE();
 119:Core/Src/usb_otg.c **** 
 120:Core/Src/usb_otg.c ****     /**USB_OTG_FS GPIO Configuration
 121:Core/Src/usb_otg.c ****     PA8     ------> USB_OTG_FS_SOF
 122:Core/Src/usb_otg.c ****     PA9     ------> USB_OTG_FS_VBUS
 123:Core/Src/usb_otg.c ****     PA10     ------> USB_OTG_FS_ID
 124:Core/Src/usb_otg.c ****     PA11     ------> USB_OTG_FS_DM
 125:Core/Src/usb_otg.c ****     PA12     ------> USB_OTG_FS_DP
 126:Core/Src/usb_otg.c ****     */
 127:Core/Src/usb_otg.c ****     HAL_GPIO_DeInit(GPIOA, USB_SOF_Pin|USB_VBUS_Pin|USB_ID_Pin|USB_DM_Pin
 128:Core/Src/usb_otg.c ****                           |USB_DP_Pin);
 129:Core/Src/usb_otg.c **** 
 130:Core/Src/usb_otg.c ****   /* USER CODE BEGIN USB_OTG_FS_MspDeInit 1 */
 131:Core/Src/usb_otg.c **** 
 132:Core/Src/usb_otg.c ****   /* USER CODE END USB_OTG_FS_MspDeInit 1 */
 133:Core/Src/usb_otg.c ****   }
 134:Core/Src/usb_otg.c **** }
 303              		.loc 1 134 1 view .LVU88
 304 000a 08BD     		pop	{r3, pc}
 305              	.LVL15:
 306              	.L18:
 118:Core/Src/usb_otg.c **** 
 307              		.loc 1 118 5 is_stmt 1 view .LVU89
 308 000c 054A     		ldr	r2, .L19
 309 000e 536B     		ldr	r3, [r2, #52]
 310 0010 23F08003 		bic	r3, r3, #128
 311 0014 5363     		str	r3, [r2, #52]
 127:Core/Src/usb_otg.c ****                           |USB_DP_Pin);
 312              		.loc 1 127 5 view .LVU90
 313 0016 4FF4F851 		mov	r1, #7936
 314 001a 0348     		ldr	r0, .L19+4
 315              	.LVL16:
 127:Core/Src/usb_otg.c ****                           |USB_DP_Pin);
 316              		.loc 1 127 5 is_stmt 0 view .LVU91
 317 001c FFF7FEFF 		bl	HAL_GPIO_DeInit
 318              	.LVL17:
 319              		.loc 1 134 1 view .LVU92
 320 0020 F3E7     		b	.L15
 321              	.L20:
 322 0022 00BF     		.align	2
 323              	.L19:
 324 0024 00380240 		.word	1073887232
 325 0028 00000240 		.word	1073872896
 326              		.cfi_endproc
 327              	.LFE143:
 329              		.global	hpcd_USB_OTG_FS
 330              		.section	.bss.hpcd_USB_OTG_FS,"aw",%nobits
 331              		.align	2
 334              	hpcd_USB_OTG_FS:
 335 0000 00000000 		.space	1248
 335      00000000 
 335      00000000 
 335      00000000 
 335      00000000 
ARM GAS  /tmp/ccZ2ez8v.s 			page 10


 336              		.text
 337              	.Letext0:
 338              		.file 2 "/usr/lib/gcc/arm-none-eabi/13.2.1/include/stdint.h"
 339              		.file 3 "Drivers/CMSIS/Device/ST/STM32F7xx/Include/stm32f767xx.h"
 340              		.file 4 "Drivers/CMSIS/Device/ST/STM32F7xx/Include/stm32f7xx.h"
 341              		.file 5 "Drivers/STM32F7xx_HAL_Driver/Inc/stm32f7xx_hal_def.h"
 342              		.file 6 "Drivers/STM32F7xx_HAL_Driver/Inc/stm32f7xx_hal_rcc_ex.h"
 343              		.file 7 "Drivers/STM32F7xx_HAL_Driver/Inc/stm32f7xx_hal_gpio.h"
 344              		.file 8 "Drivers/STM32F7xx_HAL_Driver/Inc/stm32f7xx_ll_usb.h"
 345              		.file 9 "Drivers/STM32F7xx_HAL_Driver/Inc/stm32f7xx_hal_pcd.h"
 346              		.file 10 "Core/Inc/usb_otg.h"
 347              		.file 11 "Core/Inc/main.h"
 348              		.file 12 "<built-in>"
ARM GAS  /tmp/ccZ2ez8v.s 			page 11


DEFINED SYMBOLS
                            *ABS*:00000000 usb_otg.c
     /tmp/ccZ2ez8v.s:20     .text.MX_USB_OTG_FS_PCD_Init:00000000 $t
     /tmp/ccZ2ez8v.s:26     .text.MX_USB_OTG_FS_PCD_Init:00000000 MX_USB_OTG_FS_PCD_Init
     /tmp/ccZ2ez8v.s:91     .text.MX_USB_OTG_FS_PCD_Init:00000034 $d
     /tmp/ccZ2ez8v.s:334    .bss.hpcd_USB_OTG_FS:00000000 hpcd_USB_OTG_FS
     /tmp/ccZ2ez8v.s:96     .text.HAL_PCD_MspInit:00000000 $t
     /tmp/ccZ2ez8v.s:102    .text.HAL_PCD_MspInit:00000000 HAL_PCD_MspInit
     /tmp/ccZ2ez8v.s:270    .text.HAL_PCD_MspInit:000000a8 $d
     /tmp/ccZ2ez8v.s:276    .text.HAL_PCD_MspDeInit:00000000 $t
     /tmp/ccZ2ez8v.s:282    .text.HAL_PCD_MspDeInit:00000000 HAL_PCD_MspDeInit
     /tmp/ccZ2ez8v.s:324    .text.HAL_PCD_MspDeInit:00000024 $d
     /tmp/ccZ2ez8v.s:331    .bss.hpcd_USB_OTG_FS:00000000 $d

UNDEFINED SYMBOLS
HAL_PCD_Init
Error_Handler
memset
HAL_RCCEx_PeriphCLKConfig
HAL_GPIO_Init
HAL_GPIO_DeInit
